<?xml version="1.0" encoding="UTF-8"?>
<testsuite name="tests.WebQuizEngineTest" tests="1" skipped="0" failures="0" errors="0" timestamp="2022-03-31T06:18:40" hostname="DESKTOP-HS4DRCO" time="97.048">
  <properties/>
  <testcase name="start" classname="tests.WebQuizEngineTest" time="97.048"/>
  <system-out><![CDATA[?[1;31m
Start test 1?[0m

  .   ____          _            __ _ _
 /\\ / ___'_ __ _ _(_)_ __  __ _ \ \ \ \
( ( )\___ | '_ | '_| | '_ \/ _` | \ \ \ \
 \\/  ___)| |_)| | | | | || (_| |  ) ) ) )
  '  |____| .__|_| |_|_| |_\__, | / / / /
 =========|_|==============|___/=/_/_/_/
 :: Spring Boot ::                (v2.5.6)

2022-03-31 09:18:44.696  INFO 24540 --- [    Test worker] engine.WebQuizEngine                     : Starting WebQuizEngine using Java 17.0.1 on DESKTOP-HS4DRCO with PID 24540 (started by almaz in D:\devel\Web Quiz Engine\Web Quiz Engine\task)
2022-03-31 09:18:44.701  INFO 24540 --- [    Test worker] engine.WebQuizEngine                     : No active profile set, falling back to default profiles: default
2022-03-31 09:18:51.262  INFO 24540 --- [    Test worker] .s.d.r.c.RepositoryConfigurationDelegate : Bootstrapping Spring Data JPA repositories in DEFAULT mode.
2022-03-31 09:18:51.737  INFO 24540 --- [    Test worker] .s.d.r.c.RepositoryConfigurationDelegate : Finished Spring Data repository scanning in 447 ms. Found 3 JPA repository interfaces.
2022-03-31 09:18:55.020  INFO 24540 --- [    Test worker] o.s.b.w.embedded.tomcat.TomcatWebServer  : Tomcat initialized with port(s): 8889 (http)
2022-03-31 09:18:55.038  INFO 24540 --- [    Test worker] o.apache.catalina.core.StandardService   : Starting service [Tomcat]
2022-03-31 09:18:55.039  INFO 24540 --- [    Test worker] org.apache.catalina.core.StandardEngine  : Starting Servlet engine: [Apache Tomcat/9.0.54]
2022-03-31 09:18:55.313  INFO 24540 --- [    Test worker] o.a.c.c.C.[Tomcat].[localhost].[/]       : Initializing Spring embedded WebApplicationContext
2022-03-31 09:18:55.313  INFO 24540 --- [    Test worker] w.s.c.ServletWebServerApplicationContext : Root WebApplicationContext: initialization completed in 10339 ms
2022-03-31 09:18:56.356  INFO 24540 --- [    Test worker] com.zaxxer.hikari.HikariDataSource       : HikariPool-1 - Starting...
2022-03-31 09:18:56.908  INFO 24540 --- [    Test worker] com.zaxxer.hikari.HikariDataSource       : HikariPool-1 - Start completed.
2022-03-31 09:18:56.925  INFO 24540 --- [    Test worker] o.s.b.a.h2.H2ConsoleAutoConfiguration    : H2 console available at '/h2-console'. Database available at 'jdbc:h2:tcp://localhost/~/quizdb'
2022-03-31 09:18:58.181  INFO 24540 --- [    Test worker] o.hibernate.jpa.internal.util.LogHelper  : HHH000204: Processing PersistenceUnitInfo [name: default]
2022-03-31 09:18:58.592  INFO 24540 --- [    Test worker] org.hibernate.Version                    : HHH000412: Hibernate ORM core version 5.4.32.Final
2022-03-31 09:18:59.558  INFO 24540 --- [    Test worker] o.hibernate.annotations.common.Version   : HCANN000001: Hibernate Commons Annotations {5.1.2.Final}
2022-03-31 09:19:00.275  INFO 24540 --- [    Test worker] org.hibernate.dialect.Dialect            : HHH000400: Using dialect: org.hibernate.dialect.H2Dialect
Hibernate: create table completedquizess (completed_quizzes_id bigint not null, completed_at timestamp, id bigint, user_id varchar(255), primary key (completed_quizzes_id))
Hibernate: create table quiz_answer (quiz_id bigint not null, answer integer)
Hibernate: create table quiz_options (quiz_id bigint not null, options varchar(255))
Hibernate: create table quizess (id bigint not null, quiz_owner varchar(255), text varchar(255) not null, title varchar(255) not null, primary key (id))
Hibernate: create table users (email varchar(255) not null, password varchar(255) not null, primary key (email))
Hibernate: alter table quiz_answer add constraint FK2d44tvqltgl1lx5j9w7mub0m9 foreign key (quiz_id) references quizess
Hibernate: alter table quiz_options add constraint FK9a5cwvaubpyb974et51jf96qb foreign key (quiz_id) references quizess
2022-03-31 09:19:04.058  INFO 24540 --- [    Test worker] o.h.e.t.j.p.i.JtaPlatformInitiator       : HHH000490: Using JtaPlatform implementation: [org.hibernate.engine.transaction.jta.platform.internal.NoJtaPlatform]
2022-03-31 09:19:04.099  INFO 24540 --- [    Test worker] j.LocalContainerEntityManagerFactoryBean : Initialized JPA EntityManagerFactory for persistence unit 'default'
2022-03-31 09:19:06.516  WARN 24540 --- [    Test worker] JpaBaseConfiguration$JpaWebConfiguration : spring.jpa.open-in-view is enabled by default. Therefore, database queries may be performed during view rendering. Explicitly configure spring.jpa.open-in-view to disable this warning
2022-03-31 09:19:09.454  INFO 24540 --- [    Test worker] o.s.b.a.e.web.EndpointLinksResolver      : Exposing 14 endpoint(s) beneath base path '/actuator'
2022-03-31 09:19:09.752  INFO 24540 --- [    Test worker] o.s.s.web.DefaultSecurityFilterChain     : Will secure any request with [org.springframework.security.web.context.request.async.WebAsyncManagerIntegrationFilter@c3c63c1, org.springframework.security.web.context.SecurityContextPersistenceFilter@3398ed12, org.springframework.security.web.header.HeaderWriterFilter@118c1faa, org.springframework.security.web.authentication.logout.LogoutFilter@7da9b32c, org.springframework.security.web.authentication.www.BasicAuthenticationFilter@441762b8, org.springframework.security.web.savedrequest.RequestCacheAwareFilter@64e247e, org.springframework.security.web.servletapi.SecurityContextHolderAwareRequestFilter@31daf094, org.springframework.security.web.authentication.AnonymousAuthenticationFilter@5e75cf7a, org.springframework.security.web.session.SessionManagementFilter@5c1ea00, org.springframework.security.web.access.ExceptionTranslationFilter@470866d1, org.springframework.security.web.access.intercept.FilterSecurityInterceptor@18d09283]
2022-03-31 09:19:11.354  INFO 24540 --- [    Test worker] o.s.b.w.embedded.tomcat.TomcatWebServer  : Tomcat started on port(s): 8889 (http) with context path ''
2022-03-31 09:19:11.419  INFO 24540 --- [    Test worker] engine.WebQuizEngine                     : Started WebQuizEngine in 29.442 seconds (JVM running for 34.195)
2022-03-31 09:19:12.989  INFO 24540 --- [nio-8889-exec-1] o.a.c.c.C.[Tomcat].[localhost].[/]       : Initializing Spring DispatcherServlet 'dispatcherServlet'
2022-03-31 09:19:12.990  INFO 24540 --- [nio-8889-exec-1] o.s.web.servlet.DispatcherServlet        : Initializing Servlet 'dispatcherServlet'
2022-03-31 09:19:12.993  INFO 24540 --- [nio-8889-exec-1] o.s.web.servlet.DispatcherServlet        : Completed initialization in 2 ms
Hibernate: select user0_.email as email1_4_, user0_.password as password2_4_ from users user0_ where user0_.email=?
Hibernate: select user0_.email as email1_4_0_, user0_.password as password2_4_0_ from users user0_ where user0_.email=?
Hibernate: insert into users (password, email) values (?, ?)
?[1;31m
Start test 2?[0m
Hibernate: select user0_.email as email1_4_, user0_.password as password2_4_ from users user0_ where user0_.email=?
Hibernate: select user0_.email as email1_4_0_, user0_.password as password2_4_0_ from users user0_ where user0_.email=?
Hibernate: insert into users (password, email) values (?, ?)
?[1;31m
Start test 3?[0m
2022-03-31 09:19:14.552  WARN 24540 --- [nio-8889-exec-3] .w.s.m.s.DefaultHandlerExceptionResolver : Resolved [org.springframework.web.bind.MethodArgumentNotValidException: Validation failed for argument [0] in public org.springframework.http.ResponseEntity<java.lang.Void> engine.presentation.QuizController.registerNewUser(engine.businesslayer.User): [Field error in object 'user' on field 'email': rejected value [google.com]; codes [Email.user.email,Email.email,Email.java.lang.String,Email]; arguments [org.springframework.context.support.DefaultMessageSourceResolvable: codes [user.email,email]; arguments []; default message [email],[Ljavax.validation.constraints.Pattern$Flag;@2fa6bc0e,.*@.*\.\w{2,}]; default message [must be a well-formed email address]] ]
?[1;31m
Start test 4?[0m
2022-03-31 09:19:14.694  WARN 24540 --- [nio-8889-exec-4] .w.s.m.s.DefaultHandlerExceptionResolver : Resolved [org.springframework.web.bind.MethodArgumentNotValidException: Validation failed for argument [0] in public org.springframework.http.ResponseEntity<java.lang.Void> engine.presentation.QuizController.registerNewUser(engine.businesslayer.User): [Field error in object 'user' on field 'email': rejected value [well@googlecom]; codes [Email.user.email,Email.email,Email.java.lang.String,Email]; arguments [org.springframework.context.support.DefaultMessageSourceResolvable: codes [user.email,email]; arguments []; default message [email],[Ljavax.validation.constraints.Pattern$Flag;@2fa6bc0e,.*@.*\.\w{2,}]; default message [must be a well-formed email address]] ]
?[1;31m
Start test 5?[0m
Hibernate: select user0_.email as email1_4_, user0_.password as password2_4_ from users user0_ where user0_.email=?
?[1;31m
Start test 6?[0m
2022-03-31 09:19:14.821  WARN 24540 --- [nio-8889-exec-6] .w.s.m.s.DefaultHandlerExceptionResolver : Resolved [org.springframework.web.bind.MethodArgumentNotValidException: Validation failed for argument [0] in public org.springframework.http.ResponseEntity<java.lang.Void> engine.presentation.QuizController.registerNewUser(engine.businesslayer.User): [Field error in object 'user' on field 'password': rejected value [1234]; codes [Size.user.password,Size.password,Size.java.lang.String,Size]; arguments [org.springframework.context.support.DefaultMessageSourceResolvable: codes [user.password,password]; arguments []; default message [password],2147483647,5]; default message [size must be between 5 and 2147483647]] ]
?[1;31m
Start test 7?[0m
2022-03-31 09:19:14.977  WARN 24540 --- [nio-8889-exec-7] .w.s.m.s.DefaultHandlerExceptionResolver : Resolved [org.springframework.web.bind.MethodArgumentNotValidException: Validation failed for argument [0] in public org.springframework.http.ResponseEntity<java.lang.Void> engine.presentation.QuizController.registerNewUser(engine.businesslayer.User): [Field error in object 'user' on field 'password': rejected value [123]; codes [Size.user.password,Size.password,Size.java.lang.String,Size]; arguments [org.springframework.context.support.DefaultMessageSourceResolvable: codes [user.password,password]; arguments []; default message [password],2147483647,5]; default message [size must be between 5 and 2147483647]] ]
?[1;31m
Start test 8?[0m
Hibernate: select user0_.email as email1_4_, user0_.password as password2_4_ from users user0_ where user0_.email=?
Hibernate: select quiz0_.id as id1_3_, quiz0_.quiz_owner as quiz_own2_3_, quiz0_.text as text3_3_, quiz0_.title as title4_3_ from quizess quiz0_ order by quiz0_.id asc limit ?
?[1;31m
Start test 9?[0m
Hibernate: select user0_.email as email1_4_, user0_.password as password2_4_ from users user0_ where user0_.email=?
Hibernate: select quiz0_.id as id1_3_, quiz0_.quiz_owner as quiz_own2_3_, quiz0_.text as text3_3_, quiz0_.title as title4_3_ from quizess quiz0_ order by quiz0_.id asc limit ?
?[1;31m
Start test 10?[0m
Hibernate: select user0_.email as email1_4_, user0_.password as password2_4_ from users user0_ where user0_.email=?
Hibernate: call next value for hibernate_sequence
Hibernate: insert into quizess (quiz_owner, text, title, id) values (?, ?, ?, ?)
Hibernate: insert into quiz_answer (quiz_id, answer) values (?, ?)
Hibernate: insert into quiz_options (quiz_id, options) values (?, ?)
Hibernate: insert into quiz_options (quiz_id, options) values (?, ?)
Hibernate: insert into quiz_options (quiz_id, options) values (?, ?)
Hibernate: insert into quiz_options (quiz_id, options) values (?, ?)
?[1;31m
Start test 11?[0m
Hibernate: select user0_.email as email1_4_, user0_.password as password2_4_ from users user0_ where user0_.email=?
Hibernate: select quiz0_.id as id1_3_0_, quiz0_.quiz_owner as quiz_own2_3_0_, quiz0_.text as text3_3_0_, quiz0_.title as title4_3_0_ from quizess quiz0_ where quiz0_.id=?
Hibernate: select options0_.quiz_id as quiz_id1_2_0_, options0_.options as options2_2_0_ from quiz_options options0_ where options0_.quiz_id=?
?[1;31m
Start test 12?[0m
Hibernate: select user0_.email as email1_4_, user0_.password as password2_4_ from users user0_ where user0_.email=?
Hibernate: select quiz0_.id as id1_3_0_, quiz0_.quiz_owner as quiz_own2_3_0_, quiz0_.text as text3_3_0_, quiz0_.title as title4_3_0_ from quizess quiz0_ where quiz0_.id=?
?[1;31m
Start test 13?[0m
Hibernate: select user0_.email as email1_4_, user0_.password as password2_4_ from users user0_ where user0_.email=?
Hibernate: select quiz0_.id as id1_3_, quiz0_.quiz_owner as quiz_own2_3_, quiz0_.text as text3_3_, quiz0_.title as title4_3_ from quizess quiz0_ order by quiz0_.id asc limit ?
Hibernate: select options0_.quiz_id as quiz_id1_2_0_, options0_.options as options2_2_0_ from quiz_options options0_ where options0_.quiz_id=?
?[1;31m
Start test 14?[0m
Hibernate: select user0_.email as email1_4_, user0_.password as password2_4_ from users user0_ where user0_.email=?
Hibernate: call next value for hibernate_sequence
Hibernate: insert into quizess (quiz_owner, text, title, id) values (?, ?, ?, ?)
Hibernate: insert into quiz_answer (quiz_id, answer) values (?, ?)
Hibernate: insert into quiz_options (quiz_id, options) values (?, ?)
Hibernate: insert into quiz_options (quiz_id, options) values (?, ?)
Hibernate: insert into quiz_options (quiz_id, options) values (?, ?)
Hibernate: insert into quiz_options (quiz_id, options) values (?, ?)
?[1;31m
Start test 15?[0m
Hibernate: select user0_.email as email1_4_, user0_.password as password2_4_ from users user0_ where user0_.email=?
Hibernate: select quiz0_.id as id1_3_0_, quiz0_.quiz_owner as quiz_own2_3_0_, quiz0_.text as text3_3_0_, quiz0_.title as title4_3_0_ from quizess quiz0_ where quiz0_.id=?
Hibernate: select options0_.quiz_id as quiz_id1_2_0_, options0_.options as options2_2_0_ from quiz_options options0_ where options0_.quiz_id=?
?[1;31m
Start test 16?[0m
Hibernate: select user0_.email as email1_4_, user0_.password as password2_4_ from users user0_ where user0_.email=?
Hibernate: select quiz0_.id as id1_3_0_, quiz0_.quiz_owner as quiz_own2_3_0_, quiz0_.text as text3_3_0_, quiz0_.title as title4_3_0_ from quizess quiz0_ where quiz0_.id=?
?[1;31m
Start test 17?[0m
Hibernate: select user0_.email as email1_4_, user0_.password as password2_4_ from users user0_ where user0_.email=?
Hibernate: select quiz0_.id as id1_3_, quiz0_.quiz_owner as quiz_own2_3_, quiz0_.text as text3_3_, quiz0_.title as title4_3_ from quizess quiz0_ order by quiz0_.id asc limit ?
Hibernate: select options0_.quiz_id as quiz_id1_2_0_, options0_.options as options2_2_0_ from quiz_options options0_ where options0_.quiz_id=?
Hibernate: select options0_.quiz_id as quiz_id1_2_0_, options0_.options as options2_2_0_ from quiz_options options0_ where options0_.quiz_id=?
?[1;31m
Start test 18?[0m
?[1;31m
Start test 19?[0m
?[1;31m
Start test 20?[0m
?[1;31m
Start test 21?[0m
?[1;31m
Start test 22?[0m
?[1;31m
Start test 23?[0m
?[1;31m
Start test 24?[0m
?[1;31m
Start test 25?[0m
?[1;31m
Start test 26?[0m
Hibernate: select user0_.email as email1_4_, user0_.password as password2_4_ from users user0_ where user0_.email=?
?[1;31m
Start test 27?[0m
Hibernate: select user0_.email as email1_4_, user0_.password as password2_4_ from users user0_ where user0_.email=?
?[1;31m
Start test 28?[0m
Hibernate: select user0_.email as email1_4_, user0_.password as password2_4_ from users user0_ where user0_.email=?
?[1;31m
Start test 29?[0m
Hibernate: select user0_.email as email1_4_, user0_.password as password2_4_ from users user0_ where user0_.email=?
?[1;31m
Start test 30?[0m
Hibernate: select user0_.email as email1_4_, user0_.password as password2_4_ from users user0_ where user0_.email=?
?[1;31m
Start test 31?[0m
Hibernate: select user0_.email as email1_4_, user0_.password as password2_4_ from users user0_ where user0_.email=?
?[1;31m
Start test 32?[0m
Hibernate: select user0_.email as email1_4_, user0_.password as password2_4_ from users user0_ where user0_.email=?
?[1;31m
Start test 33?[0m
Hibernate: select user0_.email as email1_4_, user0_.password as password2_4_ from users user0_ where user0_.email=?
?[1;31m
Start test 34?[0m
Hibernate: select user0_.email as email1_4_, user0_.password as password2_4_ from users user0_ where user0_.email=?
Hibernate: select quiz0_.id as id1_3_0_, quiz0_.quiz_owner as quiz_own2_3_0_, quiz0_.text as text3_3_0_, quiz0_.title as title4_3_0_ from quizess quiz0_ where quiz0_.id=?
Hibernate: select answer0_.quiz_id as quiz_id1_1_0_, answer0_.answer as answer2_1_0_ from quiz_answer answer0_ where answer0_.quiz_id=?
[2]
[0]
?[1;31m
Start test 35?[0m
Hibernate: select user0_.email as email1_4_, user0_.password as password2_4_ from users user0_ where user0_.email=?
Hibernate: select quiz0_.id as id1_3_0_, quiz0_.quiz_owner as quiz_own2_3_0_, quiz0_.text as text3_3_0_, quiz0_.title as title4_3_0_ from quizess quiz0_ where quiz0_.id=?
Hibernate: select answer0_.quiz_id as quiz_id1_1_0_, answer0_.answer as answer2_1_0_ from quiz_answer answer0_ where answer0_.quiz_id=?
[2]
[1]
?[1;31m
Start test 36?[0m
Hibernate: select user0_.email as email1_4_, user0_.password as password2_4_ from users user0_ where user0_.email=?
Hibernate: select quiz0_.id as id1_3_0_, quiz0_.quiz_owner as quiz_own2_3_0_, quiz0_.text as text3_3_0_, quiz0_.title as title4_3_0_ from quizess quiz0_ where quiz0_.id=?
Hibernate: select answer0_.quiz_id as quiz_id1_1_0_, answer0_.answer as answer2_1_0_ from quiz_answer answer0_ where answer0_.quiz_id=?
[2]
[2]
Hibernate: call next value for hibernate_sequence
Hibernate: insert into completedquizess (completed_at, id, user_id, completed_quizzes_id) values (?, ?, ?, ?)
Hibernate: delete from quiz_answer where quiz_id=?
Hibernate: insert into quiz_answer (quiz_id, answer) values (?, ?)
?[1;31m
Start test 37?[0m
Hibernate: select user0_.email as email1_4_, user0_.password as password2_4_ from users user0_ where user0_.email=?
Hibernate: select quiz0_.id as id1_3_0_, quiz0_.quiz_owner as quiz_own2_3_0_, quiz0_.text as text3_3_0_, quiz0_.title as title4_3_0_ from quizess quiz0_ where quiz0_.id=?
Hibernate: select answer0_.quiz_id as quiz_id1_1_0_, answer0_.answer as answer2_1_0_ from quiz_answer answer0_ where answer0_.quiz_id=?
[2]
[3]
?[1;31m
Start test 38?[0m
Hibernate: select user0_.email as email1_4_, user0_.password as password2_4_ from users user0_ where user0_.email=?
Hibernate: select quiz0_.id as id1_3_0_, quiz0_.quiz_owner as quiz_own2_3_0_, quiz0_.text as text3_3_0_, quiz0_.title as title4_3_0_ from quizess quiz0_ where quiz0_.id=?
Hibernate: select answer0_.quiz_id as quiz_id1_1_0_, answer0_.answer as answer2_1_0_ from quiz_answer answer0_ where answer0_.quiz_id=?
[1]
[0]
?[1;31m
Start test 39?[0m
Hibernate: select user0_.email as email1_4_, user0_.password as password2_4_ from users user0_ where user0_.email=?
Hibernate: select quiz0_.id as id1_3_0_, quiz0_.quiz_owner as quiz_own2_3_0_, quiz0_.text as text3_3_0_, quiz0_.title as title4_3_0_ from quizess quiz0_ where quiz0_.id=?
Hibernate: select answer0_.quiz_id as quiz_id1_1_0_, answer0_.answer as answer2_1_0_ from quiz_answer answer0_ where answer0_.quiz_id=?
[1]
[1]
Hibernate: call next value for hibernate_sequence
Hibernate: insert into completedquizess (completed_at, id, user_id, completed_quizzes_id) values (?, ?, ?, ?)
Hibernate: delete from quiz_answer where quiz_id=?
Hibernate: insert into quiz_answer (quiz_id, answer) values (?, ?)
?[1;31m
Start test 40?[0m
Hibernate: select user0_.email as email1_4_, user0_.password as password2_4_ from users user0_ where user0_.email=?
Hibernate: select quiz0_.id as id1_3_0_, quiz0_.quiz_owner as quiz_own2_3_0_, quiz0_.text as text3_3_0_, quiz0_.title as title4_3_0_ from quizess quiz0_ where quiz0_.id=?
Hibernate: select answer0_.quiz_id as quiz_id1_1_0_, answer0_.answer as answer2_1_0_ from quiz_answer answer0_ where answer0_.quiz_id=?
[1]
[2]
?[1;31m
Start test 41?[0m
Hibernate: select user0_.email as email1_4_, user0_.password as password2_4_ from users user0_ where user0_.email=?
Hibernate: select quiz0_.id as id1_3_0_, quiz0_.quiz_owner as quiz_own2_3_0_, quiz0_.text as text3_3_0_, quiz0_.title as title4_3_0_ from quizess quiz0_ where quiz0_.id=?
Hibernate: select answer0_.quiz_id as quiz_id1_1_0_, answer0_.answer as answer2_1_0_ from quiz_answer answer0_ where answer0_.quiz_id=?
[1]
[3]
?[1;31m
Start test 42?[0m
Hibernate: select user0_.email as email1_4_, user0_.password as password2_4_ from users user0_ where user0_.email=?
Hibernate: SELECT * FROM COMPLETEDQUIZESS WHERE USER_ID = ? order by completed_At desc limit ?
?[1;31m
Start test 43?[0m
Hibernate: select user0_.email as email1_4_, user0_.password as password2_4_ from users user0_ where user0_.email=?
Hibernate: SELECT * FROM COMPLETEDQUIZESS WHERE USER_ID = ? order by completed_At desc limit ?
?[1;31m
Start test 44?[0m
Hibernate: select user0_.email as email1_4_, user0_.password as password2_4_ from users user0_ where user0_.email=?
Hibernate: select quiz0_.id as id1_3_, quiz0_.quiz_owner as quiz_own2_3_, quiz0_.text as text3_3_, quiz0_.title as title4_3_ from quizess quiz0_ order by quiz0_.id asc limit ?
Hibernate: select options0_.quiz_id as quiz_id1_2_0_, options0_.options as options2_2_0_ from quiz_options options0_ where options0_.quiz_id=?
Hibernate: select options0_.quiz_id as quiz_id1_2_0_, options0_.options as options2_2_0_ from quiz_options options0_ where options0_.quiz_id=?
?[1;31m
Start test 45?[0m
Hibernate: select user0_.email as email1_4_, user0_.password as password2_4_ from users user0_ where user0_.email=?
Hibernate: select quiz0_.id as id1_3_, quiz0_.quiz_owner as quiz_own2_3_, quiz0_.text as text3_3_, quiz0_.title as title4_3_ from quizess quiz0_ order by quiz0_.id asc limit ?
Hibernate: select options0_.quiz_id as quiz_id1_2_0_, options0_.options as options2_2_0_ from quiz_options options0_ where options0_.quiz_id=?
Hibernate: select options0_.quiz_id as quiz_id1_2_0_, options0_.options as options2_2_0_ from quiz_options options0_ where options0_.quiz_id=?
?[1;31m
Start test 46?[0m
2022-03-31 09:19:20.584  INFO 24540 --- [       Thread-4] j.LocalContainerEntityManagerFactoryBean : Closing JPA EntityManagerFactory for persistence unit 'default'
2022-03-31 09:19:20.588  INFO 24540 --- [       Thread-4] com.zaxxer.hikari.HikariDataSource       : HikariPool-1 - Shutdown initiated...
2022-03-31 09:19:20.598  INFO 24540 --- [       Thread-4] com.zaxxer.hikari.HikariDataSource       : HikariPool-1 - Shutdown completed.

  .   ____          _            __ _ _
 /\\ / ___'_ __ _ _(_)_ __  __ _ \ \ \ \
( ( )\___ | '_ | '_| | '_ \/ _` | \ \ \ \
 \\/  ___)| |_)| | | | | || (_| |  ) ) ) )
  '  |____| .__|_| |_|_| |_\__, | / / / /
 =========|_|==============|___/=/_/_/_/
 :: Spring Boot ::                (v2.5.6)

2022-03-31 09:19:20.794  INFO 24540 --- [    Test worker] engine.WebQuizEngine                     : Starting WebQuizEngine using Java 17.0.1 on DESKTOP-HS4DRCO with PID 24540 (started by almaz in D:\devel\Web Quiz Engine\Web Quiz Engine\task)
2022-03-31 09:19:20.794  INFO 24540 --- [    Test worker] engine.WebQuizEngine                     : No active profile set, falling back to default profiles: default
2022-03-31 09:19:21.321  INFO 24540 --- [    Test worker] .s.d.r.c.RepositoryConfigurationDelegate : Bootstrapping Spring Data JPA repositories in DEFAULT mode.
2022-03-31 09:19:21.345  INFO 24540 --- [    Test worker] .s.d.r.c.RepositoryConfigurationDelegate : Finished Spring Data repository scanning in 23 ms. Found 3 JPA repository interfaces.
2022-03-31 09:19:21.520  INFO 24540 --- [    Test worker] o.s.b.w.embedded.tomcat.TomcatWebServer  : Tomcat initialized with port(s): 8889 (http)
2022-03-31 09:19:21.521  INFO 24540 --- [    Test worker] o.apache.catalina.core.StandardService   : Starting service [Tomcat]
2022-03-31 09:19:21.522  INFO 24540 --- [    Test worker] org.apache.catalina.core.StandardEngine  : Starting Servlet engine: [Apache Tomcat/9.0.54]
2022-03-31 09:19:21.561  INFO 24540 --- [    Test worker] o.a.c.c.C.[Tomcat].[localhost].[/]       : Initializing Spring embedded WebApplicationContext
2022-03-31 09:19:21.561  INFO 24540 --- [    Test worker] w.s.c.ServletWebServerApplicationContext : Root WebApplicationContext: initialization completed in 744 ms
2022-03-31 09:19:21.631  INFO 24540 --- [    Test worker] com.zaxxer.hikari.HikariDataSource       : HikariPool-2 - Starting...
2022-03-31 09:19:21.651  INFO 24540 --- [    Test worker] com.zaxxer.hikari.HikariDataSource       : HikariPool-2 - Start completed.
2022-03-31 09:19:21.652  INFO 24540 --- [    Test worker] o.s.b.a.h2.H2ConsoleAutoConfiguration    : H2 console available at '/h2-console'. Database available at 'jdbc:h2:tcp://localhost/~/quizdb'
2022-03-31 09:19:21.734  INFO 24540 --- [    Test worker] o.hibernate.jpa.internal.util.LogHelper  : HHH000204: Processing PersistenceUnitInfo [name: default]
2022-03-31 09:19:21.746  INFO 24540 --- [    Test worker] org.hibernate.dialect.Dialect            : HHH000400: Using dialect: org.hibernate.dialect.H2Dialect
2022-03-31 09:19:21.888  INFO 24540 --- [    Test worker] o.h.e.t.j.p.i.JtaPlatformInitiator       : HHH000490: Using JtaPlatform implementation: [org.hibernate.engine.transaction.jta.platform.internal.NoJtaPlatform]
2022-03-31 09:19:21.889  INFO 24540 --- [    Test worker] j.LocalContainerEntityManagerFactoryBean : Initialized JPA EntityManagerFactory for persistence unit 'default'
2022-03-31 09:19:22.055  WARN 24540 --- [    Test worker] JpaBaseConfiguration$JpaWebConfiguration : spring.jpa.open-in-view is enabled by default. Therefore, database queries may be performed during view rendering. Explicitly configure spring.jpa.open-in-view to disable this warning
2022-03-31 09:19:22.285  INFO 24540 --- [    Test worker] o.s.b.a.e.web.EndpointLinksResolver      : Exposing 14 endpoint(s) beneath base path '/actuator'
2022-03-31 09:19:22.302  INFO 24540 --- [    Test worker] o.s.s.web.DefaultSecurityFilterChain     : Will secure any request with [org.springframework.security.web.context.request.async.WebAsyncManagerIntegrationFilter@4cce421e, org.springframework.security.web.context.SecurityContextPersistenceFilter@7fb02869, org.springframework.security.web.header.HeaderWriterFilter@566dc0c3, org.springframework.security.web.authentication.logout.LogoutFilter@51aa8c0f, org.springframework.security.web.authentication.www.BasicAuthenticationFilter@19cad9f0, org.springframework.security.web.savedrequest.RequestCacheAwareFilter@92fa950, org.springframework.security.web.servletapi.SecurityContextHolderAwareRequestFilter@31fc1b6e, org.springframework.security.web.authentication.AnonymousAuthenticationFilter@3681c285, org.springframework.security.web.session.SessionManagementFilter@c925ae1, org.springframework.security.web.access.ExceptionTranslationFilter@77d03738, org.springframework.security.web.access.intercept.FilterSecurityInterceptor@4163f505]
2022-03-31 09:19:22.437  INFO 24540 --- [    Test worker] o.s.b.w.embedded.tomcat.TomcatWebServer  : Tomcat started on port(s): 8889 (http) with context path ''
2022-03-31 09:19:22.448  INFO 24540 --- [    Test worker] engine.WebQuizEngine                     : Started WebQuizEngine in 1.727 seconds (JVM running for 45.223)
?[1;31m
Start test 47?[0m
2022-03-31 09:19:22.462  INFO 24540 --- [nio-8889-exec-1] o.a.c.c.C.[Tomcat].[localhost].[/]       : Initializing Spring DispatcherServlet 'dispatcherServlet'
2022-03-31 09:19:22.462  INFO 24540 --- [nio-8889-exec-1] o.s.web.servlet.DispatcherServlet        : Initializing Servlet 'dispatcherServlet'
2022-03-31 09:19:22.466  INFO 24540 --- [nio-8889-exec-1] o.s.web.servlet.DispatcherServlet        : Completed initialization in 4 ms
Hibernate: select user0_.email as email1_4_, user0_.password as password2_4_ from users user0_ where user0_.email=?
Hibernate: select quiz0_.id as id1_3_, quiz0_.quiz_owner as quiz_own2_3_, quiz0_.text as text3_3_, quiz0_.title as title4_3_ from quizess quiz0_ order by quiz0_.id asc limit ?
Hibernate: select options0_.quiz_id as quiz_id1_2_0_, options0_.options as options2_2_0_ from quiz_options options0_ where options0_.quiz_id=?
Hibernate: select options0_.quiz_id as quiz_id1_2_0_, options0_.options as options2_2_0_ from quiz_options options0_ where options0_.quiz_id=?
?[1;31m
Start test 48?[0m
Hibernate: select user0_.email as email1_4_, user0_.password as password2_4_ from users user0_ where user0_.email=?
Hibernate: select quiz0_.id as id1_3_, quiz0_.quiz_owner as quiz_own2_3_, quiz0_.text as text3_3_, quiz0_.title as title4_3_ from quizess quiz0_ order by quiz0_.id asc limit ?
Hibernate: select options0_.quiz_id as quiz_id1_2_0_, options0_.options as options2_2_0_ from quiz_options options0_ where options0_.quiz_id=?
Hibernate: select options0_.quiz_id as quiz_id1_2_0_, options0_.options as options2_2_0_ from quiz_options options0_ where options0_.quiz_id=?
?[1;31m
Start test 49?[0m
Hibernate: select user0_.email as email1_4_, user0_.password as password2_4_ from users user0_ where user0_.email=?
Hibernate: select quiz0_.id as id1_3_0_, quiz0_.quiz_owner as quiz_own2_3_0_, quiz0_.text as text3_3_0_, quiz0_.title as title4_3_0_ from quizess quiz0_ where quiz0_.id=?
Hibernate: select answer0_.quiz_id as quiz_id1_1_0_, answer0_.answer as answer2_1_0_ from quiz_answer answer0_ where answer0_.quiz_id=?
[2]
[2]
Hibernate: call next value for hibernate_sequence
Hibernate: insert into completedquizess (completed_at, id, user_id, completed_quizzes_id) values (?, ?, ?, ?)
Hibernate: delete from quiz_answer where quiz_id=?
Hibernate: insert into quiz_answer (quiz_id, answer) values (?, ?)
?[1;31m
Start test 50?[0m
Hibernate: select user0_.email as email1_4_, user0_.password as password2_4_ from users user0_ where user0_.email=?
Hibernate: select quiz0_.id as id1_3_0_, quiz0_.quiz_owner as quiz_own2_3_0_, quiz0_.text as text3_3_0_, quiz0_.title as title4_3_0_ from quizess quiz0_ where quiz0_.id=?
Hibernate: select answer0_.quiz_id as quiz_id1_1_0_, answer0_.answer as answer2_1_0_ from quiz_answer answer0_ where answer0_.quiz_id=?
[2]
[3]
?[1;31m
Start test 51?[0m
Hibernate: select user0_.email as email1_4_, user0_.password as password2_4_ from users user0_ where user0_.email=?
Hibernate: select quiz0_.id as id1_3_0_, quiz0_.quiz_owner as quiz_own2_3_0_, quiz0_.text as text3_3_0_, quiz0_.title as title4_3_0_ from quizess quiz0_ where quiz0_.id=?
Hibernate: select answer0_.quiz_id as quiz_id1_1_0_, answer0_.answer as answer2_1_0_ from quiz_answer answer0_ where answer0_.quiz_id=?
[1]
[0]
?[1;31m
Start test 52?[0m
Hibernate: select user0_.email as email1_4_, user0_.password as password2_4_ from users user0_ where user0_.email=?
Hibernate: select quiz0_.id as id1_3_0_, quiz0_.quiz_owner as quiz_own2_3_0_, quiz0_.text as text3_3_0_, quiz0_.title as title4_3_0_ from quizess quiz0_ where quiz0_.id=?
Hibernate: select answer0_.quiz_id as quiz_id1_1_0_, answer0_.answer as answer2_1_0_ from quiz_answer answer0_ where answer0_.quiz_id=?
[1]
[1]
Hibernate: call next value for hibernate_sequence
Hibernate: insert into completedquizess (completed_at, id, user_id, completed_quizzes_id) values (?, ?, ?, ?)
Hibernate: delete from quiz_answer where quiz_id=?
Hibernate: insert into quiz_answer (quiz_id, answer) values (?, ?)
?[1;31m
Start test 53?[0m
Hibernate: select user0_.email as email1_4_, user0_.password as password2_4_ from users user0_ where user0_.email=?
Hibernate: SELECT * FROM COMPLETEDQUIZESS WHERE USER_ID = ? order by completed_At desc limit ?
?[1;31m
Start test 54?[0m
Hibernate: select user0_.email as email1_4_, user0_.password as password2_4_ from users user0_ where user0_.email=?
Hibernate: SELECT * FROM COMPLETEDQUIZESS WHERE USER_ID = ? order by completed_At desc limit ?
?[1;31m
Start test 55?[0m
Hibernate: select user0_.email as email1_4_, user0_.password as password2_4_ from users user0_ where user0_.email=?
Hibernate: SELECT * FROM COMPLETEDQUIZESS WHERE USER_ID = ? order by completed_At desc limit ?
?[1;31m
Start test 56?[0m
Hibernate: select user0_.email as email1_4_, user0_.password as password2_4_ from users user0_ where user0_.email=?
Hibernate: SELECT * FROM COMPLETEDQUIZESS WHERE USER_ID = ? order by completed_At desc limit ?
?[1;31m
Start test 57?[0m
Hibernate: select user0_.email as email1_4_, user0_.password as password2_4_ from users user0_ where user0_.email=?
2022-03-31 09:19:26.287  WARN 24540 --- [nio-8889-exec-1] .w.s.m.s.DefaultHandlerExceptionResolver : Resolved [org.springframework.http.converter.HttpMessageNotReadableException: JSON parse error: Unexpected character ('"' (code 34)): was expecting comma to separate Object entries; nested exception is com.fasterxml.jackson.core.JsonParseException: Unexpected character ('"' (code 34)): was expecting comma to separate Object entries<LF> at [Source: (PushbackInputStream); line: 4, column: 4]]
?[1;31m
Start test 58?[0m
Hibernate: select user0_.email as email1_4_, user0_.password as password2_4_ from users user0_ where user0_.email=?
2022-03-31 09:19:26.596  WARN 24540 --- [nio-8889-exec-2] .w.s.m.s.DefaultHandlerExceptionResolver : Resolved [org.springframework.http.converter.HttpMessageNotReadableException: JSON parse error: Unexpected character ('"' (code 34)): was expecting comma to separate Object entries; nested exception is com.fasterxml.jackson.core.JsonParseException: Unexpected character ('"' (code 34)): was expecting comma to separate Object entries<LF> at [Source: (PushbackInputStream); line: 5, column: 4]]
?[1;31m
Start test 59?[0m
Hibernate: select user0_.email as email1_4_, user0_.password as password2_4_ from users user0_ where user0_.email=?
2022-03-31 09:19:26.824  WARN 24540 --- [nio-8889-exec-3] .w.s.m.s.DefaultHandlerExceptionResolver : Resolved [org.springframework.http.converter.HttpMessageNotReadableException: JSON parse error: Unexpected character ('"' (code 34)): was expecting comma to separate Object entries; nested exception is com.fasterxml.jackson.core.JsonParseException: Unexpected character ('"' (code 34)): was expecting comma to separate Object entries<LF> at [Source: (PushbackInputStream); line: 4, column: 4]]
?[1;31m
Start test 60?[0m
Hibernate: select user0_.email as email1_4_, user0_.password as password2_4_ from users user0_ where user0_.email=?
2022-03-31 09:19:26.979  WARN 24540 --- [nio-8889-exec-8] .w.s.m.s.DefaultHandlerExceptionResolver : Resolved [org.springframework.http.converter.HttpMessageNotReadableException: JSON parse error: Unexpected character ('"' (code 34)): was expecting comma to separate Object entries; nested exception is com.fasterxml.jackson.core.JsonParseException: Unexpected character ('"' (code 34)): was expecting comma to separate Object entries<LF> at [Source: (PushbackInputStream); line: 5, column: 4]]
?[1;31m
Start test 61?[0m
Hibernate: select user0_.email as email1_4_, user0_.password as password2_4_ from users user0_ where user0_.email=?
2022-03-31 09:19:27.277  WARN 24540 --- [nio-8889-exec-9] .w.s.m.s.DefaultHandlerExceptionResolver : Resolved [org.springframework.web.bind.MethodArgumentNotValidException: Validation failed for argument [0] in public org.springframework.http.ResponseEntity<engine.businesslayer.QuizDTO> engine.presentation.QuizController.sendNewQuiz(engine.businesslayer.Quiz,org.springframework.security.core.Authentication): [Field error in object 'quiz' on field 'options': rejected value [[]]; codes [Size.quiz.options,Size.options,Size.java.util.List,Size]; arguments [org.springframework.context.support.DefaultMessageSourceResolvable: codes [quiz.options,options]; arguments []; default message [options],2147483647,2]; default message [size must be between 2 and 2147483647]] ]
?[1;31m
Start test 62?[0m
Hibernate: select user0_.email as email1_4_, user0_.password as password2_4_ from users user0_ where user0_.email=?
2022-03-31 09:19:27.526  WARN 24540 --- [io-8889-exec-10] .w.s.m.s.DefaultHandlerExceptionResolver : Resolved [org.springframework.http.converter.HttpMessageNotReadableException: JSON parse error: Unexpected character ('"' (code 34)): was expecting comma to separate Object entries; nested exception is com.fasterxml.jackson.core.JsonParseException: Unexpected character ('"' (code 34)): was expecting comma to separate Object entries<LF> at [Source: (PushbackInputStream); line: 5, column: 4]]
?[1;31m
Start test 63?[0m
Hibernate: select user0_.email as email1_4_, user0_.password as password2_4_ from users user0_ where user0_.email=?
2022-03-31 09:19:27.715  WARN 24540 --- [nio-8889-exec-7] .w.s.m.s.DefaultHandlerExceptionResolver : Resolved [org.springframework.http.converter.HttpMessageNotReadableException: JSON parse error: Unexpected character ('"' (code 34)): was expecting comma to separate Object entries; nested exception is com.fasterxml.jackson.core.JsonParseException: Unexpected character ('"' (code 34)): was expecting comma to separate Object entries<LF> at [Source: (PushbackInputStream); line: 5, column: 4]]
?[1;31m
Start test 64?[0m
Hibernate: select user0_.email as email1_4_, user0_.password as password2_4_ from users user0_ where user0_.email=?
Hibernate: call next value for hibernate_sequence
Hibernate: insert into quizess (quiz_owner, text, title, id) values (?, ?, ?, ?)
Hibernate: insert into quiz_answer (quiz_id, answer) values (?, ?)
Hibernate: insert into quiz_answer (quiz_id, answer) values (?, ?)
Hibernate: insert into quiz_options (quiz_id, options) values (?, ?)
Hibernate: insert into quiz_options (quiz_id, options) values (?, ?)
Hibernate: insert into quiz_options (quiz_id, options) values (?, ?)
Hibernate: insert into quiz_options (quiz_id, options) values (?, ?)
?[1;31m
Start test 65?[0m
Hibernate: select user0_.email as email1_4_, user0_.password as password2_4_ from users user0_ where user0_.email=?
Hibernate: select quiz0_.id as id1_3_0_, quiz0_.quiz_owner as quiz_own2_3_0_, quiz0_.text as text3_3_0_, quiz0_.title as title4_3_0_ from quizess quiz0_ where quiz0_.id=?
Hibernate: select options0_.quiz_id as quiz_id1_2_0_, options0_.options as options2_2_0_ from quiz_options options0_ where options0_.quiz_id=?
?[1;31m
Start test 66?[0m
Hibernate: select user0_.email as email1_4_, user0_.password as password2_4_ from users user0_ where user0_.email=?
Hibernate: select quiz0_.id as id1_3_0_, quiz0_.quiz_owner as quiz_own2_3_0_, quiz0_.text as text3_3_0_, quiz0_.title as title4_3_0_ from quizess quiz0_ where quiz0_.id=?
?[1;31m
Start test 67?[0m
Hibernate: select user0_.email as email1_4_, user0_.password as password2_4_ from users user0_ where user0_.email=?
Hibernate: select quiz0_.id as id1_3_0_, quiz0_.quiz_owner as quiz_own2_3_0_, quiz0_.text as text3_3_0_, quiz0_.title as title4_3_0_ from quizess quiz0_ where quiz0_.id=?
Hibernate: select answer0_.quiz_id as quiz_id1_1_0_, answer0_.answer as answer2_1_0_ from quiz_answer answer0_ where answer0_.quiz_id=?
[0, 1]
[]
?[1;31m
Start test 68?[0m
Hibernate: select user0_.email as email1_4_, user0_.password as password2_4_ from users user0_ where user0_.email=?
Hibernate: select quiz0_.id as id1_3_0_, quiz0_.quiz_owner as quiz_own2_3_0_, quiz0_.text as text3_3_0_, quiz0_.title as title4_3_0_ from quizess quiz0_ where quiz0_.id=?
Hibernate: select answer0_.quiz_id as quiz_id1_1_0_, answer0_.answer as answer2_1_0_ from quiz_answer answer0_ where answer0_.quiz_id=?
[0, 1]
[0]
?[1;31m
Start test 69?[0m
Hibernate: select user0_.email as email1_4_, user0_.password as password2_4_ from users user0_ where user0_.email=?
Hibernate: select quiz0_.id as id1_3_0_, quiz0_.quiz_owner as quiz_own2_3_0_, quiz0_.text as text3_3_0_, quiz0_.title as title4_3_0_ from quizess quiz0_ where quiz0_.id=?
Hibernate: select answer0_.quiz_id as quiz_id1_1_0_, answer0_.answer as answer2_1_0_ from quiz_answer answer0_ where answer0_.quiz_id=?
[0, 1]
[1]
?[1;31m
Start test 70?[0m
Hibernate: select user0_.email as email1_4_, user0_.password as password2_4_ from users user0_ where user0_.email=?
Hibernate: select quiz0_.id as id1_3_0_, quiz0_.quiz_owner as quiz_own2_3_0_, quiz0_.text as text3_3_0_, quiz0_.title as title4_3_0_ from quizess quiz0_ where quiz0_.id=?
Hibernate: select answer0_.quiz_id as quiz_id1_1_0_, answer0_.answer as answer2_1_0_ from quiz_answer answer0_ where answer0_.quiz_id=?
[0, 1]
[2]
?[1;31m
Start test 71?[0m
Hibernate: select user0_.email as email1_4_, user0_.password as password2_4_ from users user0_ where user0_.email=?
Hibernate: select quiz0_.id as id1_3_0_, quiz0_.quiz_owner as quiz_own2_3_0_, quiz0_.text as text3_3_0_, quiz0_.title as title4_3_0_ from quizess quiz0_ where quiz0_.id=?
Hibernate: select answer0_.quiz_id as quiz_id1_1_0_, answer0_.answer as answer2_1_0_ from quiz_answer answer0_ where answer0_.quiz_id=?
[0, 1]
[3]
?[1;31m
Start test 72?[0m
Hibernate: select user0_.email as email1_4_, user0_.password as password2_4_ from users user0_ where user0_.email=?
Hibernate: select quiz0_.id as id1_3_0_, quiz0_.quiz_owner as quiz_own2_3_0_, quiz0_.text as text3_3_0_, quiz0_.title as title4_3_0_ from quizess quiz0_ where quiz0_.id=?
Hibernate: select answer0_.quiz_id as quiz_id1_1_0_, answer0_.answer as answer2_1_0_ from quiz_answer answer0_ where answer0_.quiz_id=?
[0, 1]
[0, 1]
Hibernate: call next value for hibernate_sequence
Hibernate: insert into completedquizess (completed_at, id, user_id, completed_quizzes_id) values (?, ?, ?, ?)
Hibernate: delete from quiz_answer where quiz_id=?
Hibernate: insert into quiz_answer (quiz_id, answer) values (?, ?)
Hibernate: insert into quiz_answer (quiz_id, answer) values (?, ?)
?[1;31m
Start test 73?[0m
Hibernate: select user0_.email as email1_4_, user0_.password as password2_4_ from users user0_ where user0_.email=?
Hibernate: select quiz0_.id as id1_3_0_, quiz0_.quiz_owner as quiz_own2_3_0_, quiz0_.text as text3_3_0_, quiz0_.title as title4_3_0_ from quizess quiz0_ where quiz0_.id=?
Hibernate: select answer0_.quiz_id as quiz_id1_1_0_, answer0_.answer as answer2_1_0_ from quiz_answer answer0_ where answer0_.quiz_id=?
[0, 1]
[0, 2]
?[1;31m
Start test 74?[0m
Hibernate: select user0_.email as email1_4_, user0_.password as password2_4_ from users user0_ where user0_.email=?
Hibernate: select quiz0_.id as id1_3_0_, quiz0_.quiz_owner as quiz_own2_3_0_, quiz0_.text as text3_3_0_, quiz0_.title as title4_3_0_ from quizess quiz0_ where quiz0_.id=?
Hibernate: select answer0_.quiz_id as quiz_id1_1_0_, answer0_.answer as answer2_1_0_ from quiz_answer answer0_ where answer0_.quiz_id=?
[0, 1]
[0, 3]
?[1;31m
Start test 75?[0m
Hibernate: select user0_.email as email1_4_, user0_.password as password2_4_ from users user0_ where user0_.email=?
Hibernate: select quiz0_.id as id1_3_0_, quiz0_.quiz_owner as quiz_own2_3_0_, quiz0_.text as text3_3_0_, quiz0_.title as title4_3_0_ from quizess quiz0_ where quiz0_.id=?
Hibernate: select answer0_.quiz_id as quiz_id1_1_0_, answer0_.answer as answer2_1_0_ from quiz_answer answer0_ where answer0_.quiz_id=?
[0, 1]
[1, 2]
?[1;31m
Start test 76?[0m
Hibernate: select user0_.email as email1_4_, user0_.password as password2_4_ from users user0_ where user0_.email=?
Hibernate: select quiz0_.id as id1_3_0_, quiz0_.quiz_owner as quiz_own2_3_0_, quiz0_.text as text3_3_0_, quiz0_.title as title4_3_0_ from quizess quiz0_ where quiz0_.id=?
Hibernate: select answer0_.quiz_id as quiz_id1_1_0_, answer0_.answer as answer2_1_0_ from quiz_answer answer0_ where answer0_.quiz_id=?
[0, 1]
[1, 3]
?[1;31m
Start test 77?[0m
Hibernate: select user0_.email as email1_4_, user0_.password as password2_4_ from users user0_ where user0_.email=?
Hibernate: select quiz0_.id as id1_3_0_, quiz0_.quiz_owner as quiz_own2_3_0_, quiz0_.text as text3_3_0_, quiz0_.title as title4_3_0_ from quizess quiz0_ where quiz0_.id=?
Hibernate: select answer0_.quiz_id as quiz_id1_1_0_, answer0_.answer as answer2_1_0_ from quiz_answer answer0_ where answer0_.quiz_id=?
[0, 1]
[2, 3]
?[1;31m
Start test 78?[0m
Hibernate: select user0_.email as email1_4_, user0_.password as password2_4_ from users user0_ where user0_.email=?
Hibernate: select quiz0_.id as id1_3_0_, quiz0_.quiz_owner as quiz_own2_3_0_, quiz0_.text as text3_3_0_, quiz0_.title as title4_3_0_ from quizess quiz0_ where quiz0_.id=?
Hibernate: select answer0_.quiz_id as quiz_id1_1_0_, answer0_.answer as answer2_1_0_ from quiz_answer answer0_ where answer0_.quiz_id=?
[0, 1]
[0, 1, 2]
?[1;31m
Start test 79?[0m
Hibernate: select user0_.email as email1_4_, user0_.password as password2_4_ from users user0_ where user0_.email=?
Hibernate: select quiz0_.id as id1_3_0_, quiz0_.quiz_owner as quiz_own2_3_0_, quiz0_.text as text3_3_0_, quiz0_.title as title4_3_0_ from quizess quiz0_ where quiz0_.id=?
Hibernate: select answer0_.quiz_id as quiz_id1_1_0_, answer0_.answer as answer2_1_0_ from quiz_answer answer0_ where answer0_.quiz_id=?
[0, 1]
[0, 1, 3]
?[1;31m
Start test 80?[0m
Hibernate: select user0_.email as email1_4_, user0_.password as password2_4_ from users user0_ where user0_.email=?
Hibernate: select quiz0_.id as id1_3_0_, quiz0_.quiz_owner as quiz_own2_3_0_, quiz0_.text as text3_3_0_, quiz0_.title as title4_3_0_ from quizess quiz0_ where quiz0_.id=?
Hibernate: select answer0_.quiz_id as quiz_id1_1_0_, answer0_.answer as answer2_1_0_ from quiz_answer answer0_ where answer0_.quiz_id=?
[0, 1]
[1, 2, 3]
?[1;31m
Start test 81?[0m
Hibernate: select user0_.email as email1_4_, user0_.password as password2_4_ from users user0_ where user0_.email=?
Hibernate: select quiz0_.id as id1_3_0_, quiz0_.quiz_owner as quiz_own2_3_0_, quiz0_.text as text3_3_0_, quiz0_.title as title4_3_0_ from quizess quiz0_ where quiz0_.id=?
Hibernate: select answer0_.quiz_id as quiz_id1_1_0_, answer0_.answer as answer2_1_0_ from quiz_answer answer0_ where answer0_.quiz_id=?
[0, 1]
[0, 1, 2, 3]
?[1;31m
Start test 82?[0m
Hibernate: select user0_.email as email1_4_, user0_.password as password2_4_ from users user0_ where user0_.email=?
Hibernate: call next value for hibernate_sequence
Hibernate: insert into quizess (quiz_owner, text, title, id) values (?, ?, ?, ?)
Hibernate: insert into quiz_answer (quiz_id, answer) values (?, ?)
Hibernate: insert into quiz_answer (quiz_id, answer) values (?, ?)
Hibernate: insert into quiz_options (quiz_id, options) values (?, ?)
Hibernate: insert into quiz_options (quiz_id, options) values (?, ?)
Hibernate: insert into quiz_options (quiz_id, options) values (?, ?)
Hibernate: insert into quiz_options (quiz_id, options) values (?, ?)
?[1;31m
Start test 83?[0m
Hibernate: select user0_.email as email1_4_, user0_.password as password2_4_ from users user0_ where user0_.email=?
Hibernate: select quiz0_.id as id1_3_0_, quiz0_.quiz_owner as quiz_own2_3_0_, quiz0_.text as text3_3_0_, quiz0_.title as title4_3_0_ from quizess quiz0_ where quiz0_.id=?
Hibernate: select options0_.quiz_id as quiz_id1_2_0_, options0_.options as options2_2_0_ from quiz_options options0_ where options0_.quiz_id=?
?[1;31m
Start test 84?[0m
Hibernate: select user0_.email as email1_4_, user0_.password as password2_4_ from users user0_ where user0_.email=?
Hibernate: select quiz0_.id as id1_3_0_, quiz0_.quiz_owner as quiz_own2_3_0_, quiz0_.text as text3_3_0_, quiz0_.title as title4_3_0_ from quizess quiz0_ where quiz0_.id=?
?[1;31m
Start test 85?[0m
Hibernate: select user0_.email as email1_4_, user0_.password as password2_4_ from users user0_ where user0_.email=?
Hibernate: select quiz0_.id as id1_3_0_, quiz0_.quiz_owner as quiz_own2_3_0_, quiz0_.text as text3_3_0_, quiz0_.title as title4_3_0_ from quizess quiz0_ where quiz0_.id=?
Hibernate: select answer0_.quiz_id as quiz_id1_1_0_, answer0_.answer as answer2_1_0_ from quiz_answer answer0_ where answer0_.quiz_id=?
[1, 3]
[]
?[1;31m
Start test 86?[0m
Hibernate: select user0_.email as email1_4_, user0_.password as password2_4_ from users user0_ where user0_.email=?
Hibernate: select quiz0_.id as id1_3_0_, quiz0_.quiz_owner as quiz_own2_3_0_, quiz0_.text as text3_3_0_, quiz0_.title as title4_3_0_ from quizess quiz0_ where quiz0_.id=?
Hibernate: select answer0_.quiz_id as quiz_id1_1_0_, answer0_.answer as answer2_1_0_ from quiz_answer answer0_ where answer0_.quiz_id=?
[1, 3]
[0]
?[1;31m
Start test 87?[0m
Hibernate: select user0_.email as email1_4_, user0_.password as password2_4_ from users user0_ where user0_.email=?
Hibernate: select quiz0_.id as id1_3_0_, quiz0_.quiz_owner as quiz_own2_3_0_, quiz0_.text as text3_3_0_, quiz0_.title as title4_3_0_ from quizess quiz0_ where quiz0_.id=?
Hibernate: select answer0_.quiz_id as quiz_id1_1_0_, answer0_.answer as answer2_1_0_ from quiz_answer answer0_ where answer0_.quiz_id=?
[1, 3]
[1]
?[1;31m
Start test 88?[0m
Hibernate: select user0_.email as email1_4_, user0_.password as password2_4_ from users user0_ where user0_.email=?
Hibernate: select quiz0_.id as id1_3_0_, quiz0_.quiz_owner as quiz_own2_3_0_, quiz0_.text as text3_3_0_, quiz0_.title as title4_3_0_ from quizess quiz0_ where quiz0_.id=?
Hibernate: select answer0_.quiz_id as quiz_id1_1_0_, answer0_.answer as answer2_1_0_ from quiz_answer answer0_ where answer0_.quiz_id=?
[1, 3]
[2]
?[1;31m
Start test 89?[0m
Hibernate: select user0_.email as email1_4_, user0_.password as password2_4_ from users user0_ where user0_.email=?
Hibernate: select quiz0_.id as id1_3_0_, quiz0_.quiz_owner as quiz_own2_3_0_, quiz0_.text as text3_3_0_, quiz0_.title as title4_3_0_ from quizess quiz0_ where quiz0_.id=?
Hibernate: select answer0_.quiz_id as quiz_id1_1_0_, answer0_.answer as answer2_1_0_ from quiz_answer answer0_ where answer0_.quiz_id=?
[1, 3]
[3]
?[1;31m
Start test 90?[0m
Hibernate: select user0_.email as email1_4_, user0_.password as password2_4_ from users user0_ where user0_.email=?
Hibernate: select quiz0_.id as id1_3_0_, quiz0_.quiz_owner as quiz_own2_3_0_, quiz0_.text as text3_3_0_, quiz0_.title as title4_3_0_ from quizess quiz0_ where quiz0_.id=?
Hibernate: select answer0_.quiz_id as quiz_id1_1_0_, answer0_.answer as answer2_1_0_ from quiz_answer answer0_ where answer0_.quiz_id=?
[1, 3]
[0, 1]
?[1;31m
Start test 91?[0m
Hibernate: select user0_.email as email1_4_, user0_.password as password2_4_ from users user0_ where user0_.email=?
Hibernate: select quiz0_.id as id1_3_0_, quiz0_.quiz_owner as quiz_own2_3_0_, quiz0_.text as text3_3_0_, quiz0_.title as title4_3_0_ from quizess quiz0_ where quiz0_.id=?
Hibernate: select answer0_.quiz_id as quiz_id1_1_0_, answer0_.answer as answer2_1_0_ from quiz_answer answer0_ where answer0_.quiz_id=?
[1, 3]
[0, 2]
?[1;31m
Start test 92?[0m
Hibernate: select user0_.email as email1_4_, user0_.password as password2_4_ from users user0_ where user0_.email=?
Hibernate: select quiz0_.id as id1_3_0_, quiz0_.quiz_owner as quiz_own2_3_0_, quiz0_.text as text3_3_0_, quiz0_.title as title4_3_0_ from quizess quiz0_ where quiz0_.id=?
Hibernate: select answer0_.quiz_id as quiz_id1_1_0_, answer0_.answer as answer2_1_0_ from quiz_answer answer0_ where answer0_.quiz_id=?
[1, 3]
[0, 3]
?[1;31m
Start test 93?[0m
Hibernate: select user0_.email as email1_4_, user0_.password as password2_4_ from users user0_ where user0_.email=?
Hibernate: select quiz0_.id as id1_3_0_, quiz0_.quiz_owner as quiz_own2_3_0_, quiz0_.text as text3_3_0_, quiz0_.title as title4_3_0_ from quizess quiz0_ where quiz0_.id=?
Hibernate: select answer0_.quiz_id as quiz_id1_1_0_, answer0_.answer as answer2_1_0_ from quiz_answer answer0_ where answer0_.quiz_id=?
[1, 3]
[1, 2]
?[1;31m
Start test 94?[0m
Hibernate: select user0_.email as email1_4_, user0_.password as password2_4_ from users user0_ where user0_.email=?
Hibernate: select quiz0_.id as id1_3_0_, quiz0_.quiz_owner as quiz_own2_3_0_, quiz0_.text as text3_3_0_, quiz0_.title as title4_3_0_ from quizess quiz0_ where quiz0_.id=?
Hibernate: select answer0_.quiz_id as quiz_id1_1_0_, answer0_.answer as answer2_1_0_ from quiz_answer answer0_ where answer0_.quiz_id=?
[1, 3]
[1, 3]
Hibernate: call next value for hibernate_sequence
Hibernate: insert into completedquizess (completed_at, id, user_id, completed_quizzes_id) values (?, ?, ?, ?)
Hibernate: delete from quiz_answer where quiz_id=?
Hibernate: insert into quiz_answer (quiz_id, answer) values (?, ?)
Hibernate: insert into quiz_answer (quiz_id, answer) values (?, ?)
?[1;31m
Start test 95?[0m
Hibernate: select user0_.email as email1_4_, user0_.password as password2_4_ from users user0_ where user0_.email=?
Hibernate: select quiz0_.id as id1_3_0_, quiz0_.quiz_owner as quiz_own2_3_0_, quiz0_.text as text3_3_0_, quiz0_.title as title4_3_0_ from quizess quiz0_ where quiz0_.id=?
Hibernate: select answer0_.quiz_id as quiz_id1_1_0_, answer0_.answer as answer2_1_0_ from quiz_answer answer0_ where answer0_.quiz_id=?
[1, 3]
[2, 3]
?[1;31m
Start test 96?[0m
Hibernate: select user0_.email as email1_4_, user0_.password as password2_4_ from users user0_ where user0_.email=?
Hibernate: select quiz0_.id as id1_3_0_, quiz0_.quiz_owner as quiz_own2_3_0_, quiz0_.text as text3_3_0_, quiz0_.title as title4_3_0_ from quizess quiz0_ where quiz0_.id=?
Hibernate: select answer0_.quiz_id as quiz_id1_1_0_, answer0_.answer as answer2_1_0_ from quiz_answer answer0_ where answer0_.quiz_id=?
[1, 3]
[0, 1, 2]
?[1;31m
Start test 97?[0m
Hibernate: select user0_.email as email1_4_, user0_.password as password2_4_ from users user0_ where user0_.email=?
Hibernate: select quiz0_.id as id1_3_0_, quiz0_.quiz_owner as quiz_own2_3_0_, quiz0_.text as text3_3_0_, quiz0_.title as title4_3_0_ from quizess quiz0_ where quiz0_.id=?
Hibernate: select answer0_.quiz_id as quiz_id1_1_0_, answer0_.answer as answer2_1_0_ from quiz_answer answer0_ where answer0_.quiz_id=?
[1, 3]
[0, 1, 3]
?[1;31m
Start test 98?[0m
Hibernate: select user0_.email as email1_4_, user0_.password as password2_4_ from users user0_ where user0_.email=?
Hibernate: select quiz0_.id as id1_3_0_, quiz0_.quiz_owner as quiz_own2_3_0_, quiz0_.text as text3_3_0_, quiz0_.title as title4_3_0_ from quizess quiz0_ where quiz0_.id=?
Hibernate: select answer0_.quiz_id as quiz_id1_1_0_, answer0_.answer as answer2_1_0_ from quiz_answer answer0_ where answer0_.quiz_id=?
[1, 3]
[1, 2, 3]
?[1;31m
Start test 99?[0m
Hibernate: select user0_.email as email1_4_, user0_.password as password2_4_ from users user0_ where user0_.email=?
Hibernate: select quiz0_.id as id1_3_0_, quiz0_.quiz_owner as quiz_own2_3_0_, quiz0_.text as text3_3_0_, quiz0_.title as title4_3_0_ from quizess quiz0_ where quiz0_.id=?
Hibernate: select answer0_.quiz_id as quiz_id1_1_0_, answer0_.answer as answer2_1_0_ from quiz_answer answer0_ where answer0_.quiz_id=?
[1, 3]
[0, 1, 2, 3]
?[1;31m
Start test 100?[0m
Hibernate: select user0_.email as email1_4_, user0_.password as password2_4_ from users user0_ where user0_.email=?
Hibernate: call next value for hibernate_sequence
Hibernate: insert into quizess (quiz_owner, text, title, id) values (?, ?, ?, ?)
Hibernate: insert into quiz_options (quiz_id, options) values (?, ?)
Hibernate: insert into quiz_options (quiz_id, options) values (?, ?)
Hibernate: insert into quiz_options (quiz_id, options) values (?, ?)
Hibernate: insert into quiz_options (quiz_id, options) values (?, ?)
?[1;31m
Start test 101?[0m
Hibernate: select user0_.email as email1_4_, user0_.password as password2_4_ from users user0_ where user0_.email=?
Hibernate: select quiz0_.id as id1_3_0_, quiz0_.quiz_owner as quiz_own2_3_0_, quiz0_.text as text3_3_0_, quiz0_.title as title4_3_0_ from quizess quiz0_ where quiz0_.id=?
Hibernate: select options0_.quiz_id as quiz_id1_2_0_, options0_.options as options2_2_0_ from quiz_options options0_ where options0_.quiz_id=?
?[1;31m
Start test 102?[0m
Hibernate: select user0_.email as email1_4_, user0_.password as password2_4_ from users user0_ where user0_.email=?
Hibernate: select quiz0_.id as id1_3_0_, quiz0_.quiz_owner as quiz_own2_3_0_, quiz0_.text as text3_3_0_, quiz0_.title as title4_3_0_ from quizess quiz0_ where quiz0_.id=?
?[1;31m
Start test 103?[0m
Hibernate: select user0_.email as email1_4_, user0_.password as password2_4_ from users user0_ where user0_.email=?
Hibernate: select quiz0_.id as id1_3_0_, quiz0_.quiz_owner as quiz_own2_3_0_, quiz0_.text as text3_3_0_, quiz0_.title as title4_3_0_ from quizess quiz0_ where quiz0_.id=?
Hibernate: select answer0_.quiz_id as quiz_id1_1_0_, answer0_.answer as answer2_1_0_ from quiz_answer answer0_ where answer0_.quiz_id=?
[]
[]
Hibernate: call next value for hibernate_sequence
Hibernate: insert into completedquizess (completed_at, id, user_id, completed_quizzes_id) values (?, ?, ?, ?)
?[1;31m
Start test 104?[0m
Hibernate: select user0_.email as email1_4_, user0_.password as password2_4_ from users user0_ where user0_.email=?
Hibernate: select quiz0_.id as id1_3_0_, quiz0_.quiz_owner as quiz_own2_3_0_, quiz0_.text as text3_3_0_, quiz0_.title as title4_3_0_ from quizess quiz0_ where quiz0_.id=?
Hibernate: select answer0_.quiz_id as quiz_id1_1_0_, answer0_.answer as answer2_1_0_ from quiz_answer answer0_ where answer0_.quiz_id=?
[]
[0]
?[1;31m
Start test 105?[0m
Hibernate: select user0_.email as email1_4_, user0_.password as password2_4_ from users user0_ where user0_.email=?
Hibernate: select quiz0_.id as id1_3_0_, quiz0_.quiz_owner as quiz_own2_3_0_, quiz0_.text as text3_3_0_, quiz0_.title as title4_3_0_ from quizess quiz0_ where quiz0_.id=?
Hibernate: select answer0_.quiz_id as quiz_id1_1_0_, answer0_.answer as answer2_1_0_ from quiz_answer answer0_ where answer0_.quiz_id=?
[]
[1]
?[1;31m
Start test 106?[0m
Hibernate: select user0_.email as email1_4_, user0_.password as password2_4_ from users user0_ where user0_.email=?
Hibernate: select quiz0_.id as id1_3_0_, quiz0_.quiz_owner as quiz_own2_3_0_, quiz0_.text as text3_3_0_, quiz0_.title as title4_3_0_ from quizess quiz0_ where quiz0_.id=?
Hibernate: select answer0_.quiz_id as quiz_id1_1_0_, answer0_.answer as answer2_1_0_ from quiz_answer answer0_ where answer0_.quiz_id=?
[]
[2]
?[1;31m
Start test 107?[0m
Hibernate: select user0_.email as email1_4_, user0_.password as password2_4_ from users user0_ where user0_.email=?
Hibernate: select quiz0_.id as id1_3_0_, quiz0_.quiz_owner as quiz_own2_3_0_, quiz0_.text as text3_3_0_, quiz0_.title as title4_3_0_ from quizess quiz0_ where quiz0_.id=?
Hibernate: select answer0_.quiz_id as quiz_id1_1_0_, answer0_.answer as answer2_1_0_ from quiz_answer answer0_ where answer0_.quiz_id=?
[]
[3]
?[1;31m
Start test 108?[0m
Hibernate: select user0_.email as email1_4_, user0_.password as password2_4_ from users user0_ where user0_.email=?
Hibernate: select quiz0_.id as id1_3_0_, quiz0_.quiz_owner as quiz_own2_3_0_, quiz0_.text as text3_3_0_, quiz0_.title as title4_3_0_ from quizess quiz0_ where quiz0_.id=?
Hibernate: select answer0_.quiz_id as quiz_id1_1_0_, answer0_.answer as answer2_1_0_ from quiz_answer answer0_ where answer0_.quiz_id=?
[]
[0, 1]
?[1;31m
Start test 109?[0m
Hibernate: select user0_.email as email1_4_, user0_.password as password2_4_ from users user0_ where user0_.email=?
Hibernate: select quiz0_.id as id1_3_0_, quiz0_.quiz_owner as quiz_own2_3_0_, quiz0_.text as text3_3_0_, quiz0_.title as title4_3_0_ from quizess quiz0_ where quiz0_.id=?
Hibernate: select answer0_.quiz_id as quiz_id1_1_0_, answer0_.answer as answer2_1_0_ from quiz_answer answer0_ where answer0_.quiz_id=?
[]
[0, 2]
?[1;31m
Start test 110?[0m
Hibernate: select user0_.email as email1_4_, user0_.password as password2_4_ from users user0_ where user0_.email=?
Hibernate: select quiz0_.id as id1_3_0_, quiz0_.quiz_owner as quiz_own2_3_0_, quiz0_.text as text3_3_0_, quiz0_.title as title4_3_0_ from quizess quiz0_ where quiz0_.id=?
Hibernate: select answer0_.quiz_id as quiz_id1_1_0_, answer0_.answer as answer2_1_0_ from quiz_answer answer0_ where answer0_.quiz_id=?
[]
[0, 3]
?[1;31m
Start test 111?[0m
Hibernate: select user0_.email as email1_4_, user0_.password as password2_4_ from users user0_ where user0_.email=?
Hibernate: select quiz0_.id as id1_3_0_, quiz0_.quiz_owner as quiz_own2_3_0_, quiz0_.text as text3_3_0_, quiz0_.title as title4_3_0_ from quizess quiz0_ where quiz0_.id=?
Hibernate: select answer0_.quiz_id as quiz_id1_1_0_, answer0_.answer as answer2_1_0_ from quiz_answer answer0_ where answer0_.quiz_id=?
[]
[1, 2]
?[1;31m
Start test 112?[0m
Hibernate: select user0_.email as email1_4_, user0_.password as password2_4_ from users user0_ where user0_.email=?
Hibernate: select quiz0_.id as id1_3_0_, quiz0_.quiz_owner as quiz_own2_3_0_, quiz0_.text as text3_3_0_, quiz0_.title as title4_3_0_ from quizess quiz0_ where quiz0_.id=?
Hibernate: select answer0_.quiz_id as quiz_id1_1_0_, answer0_.answer as answer2_1_0_ from quiz_answer answer0_ where answer0_.quiz_id=?
[]
[1, 3]
?[1;31m
Start test 113?[0m
Hibernate: select user0_.email as email1_4_, user0_.password as password2_4_ from users user0_ where user0_.email=?
Hibernate: select quiz0_.id as id1_3_0_, quiz0_.quiz_owner as quiz_own2_3_0_, quiz0_.text as text3_3_0_, quiz0_.title as title4_3_0_ from quizess quiz0_ where quiz0_.id=?
Hibernate: select answer0_.quiz_id as quiz_id1_1_0_, answer0_.answer as answer2_1_0_ from quiz_answer answer0_ where answer0_.quiz_id=?
[]
[2, 3]
?[1;31m
Start test 114?[0m
Hibernate: select user0_.email as email1_4_, user0_.password as password2_4_ from users user0_ where user0_.email=?
Hibernate: select quiz0_.id as id1_3_0_, quiz0_.quiz_owner as quiz_own2_3_0_, quiz0_.text as text3_3_0_, quiz0_.title as title4_3_0_ from quizess quiz0_ where quiz0_.id=?
Hibernate: select answer0_.quiz_id as quiz_id1_1_0_, answer0_.answer as answer2_1_0_ from quiz_answer answer0_ where answer0_.quiz_id=?
[]
[0, 1, 2]
?[1;31m
Start test 115?[0m
Hibernate: select user0_.email as email1_4_, user0_.password as password2_4_ from users user0_ where user0_.email=?
Hibernate: select quiz0_.id as id1_3_0_, quiz0_.quiz_owner as quiz_own2_3_0_, quiz0_.text as text3_3_0_, quiz0_.title as title4_3_0_ from quizess quiz0_ where quiz0_.id=?
Hibernate: select answer0_.quiz_id as quiz_id1_1_0_, answer0_.answer as answer2_1_0_ from quiz_answer answer0_ where answer0_.quiz_id=?
[]
[0, 1, 3]
?[1;31m
Start test 116?[0m
Hibernate: select user0_.email as email1_4_, user0_.password as password2_4_ from users user0_ where user0_.email=?
Hibernate: select quiz0_.id as id1_3_0_, quiz0_.quiz_owner as quiz_own2_3_0_, quiz0_.text as text3_3_0_, quiz0_.title as title4_3_0_ from quizess quiz0_ where quiz0_.id=?
Hibernate: select answer0_.quiz_id as quiz_id1_1_0_, answer0_.answer as answer2_1_0_ from quiz_answer answer0_ where answer0_.quiz_id=?
[]
[1, 2, 3]
?[1;31m
Start test 117?[0m
Hibernate: select user0_.email as email1_4_, user0_.password as password2_4_ from users user0_ where user0_.email=?
Hibernate: select quiz0_.id as id1_3_0_, quiz0_.quiz_owner as quiz_own2_3_0_, quiz0_.text as text3_3_0_, quiz0_.title as title4_3_0_ from quizess quiz0_ where quiz0_.id=?
Hibernate: select answer0_.quiz_id as quiz_id1_1_0_, answer0_.answer as answer2_1_0_ from quiz_answer answer0_ where answer0_.quiz_id=?
[]
[0, 1, 2, 3]
?[1;31m
Start test 118?[0m
Hibernate: select user0_.email as email1_4_, user0_.password as password2_4_ from users user0_ where user0_.email=?
Hibernate: call next value for hibernate_sequence
Hibernate: insert into quizess (quiz_owner, text, title, id) values (?, ?, ?, ?)
Hibernate: insert into quiz_options (quiz_id, options) values (?, ?)
Hibernate: insert into quiz_options (quiz_id, options) values (?, ?)
Hibernate: insert into quiz_options (quiz_id, options) values (?, ?)
Hibernate: insert into quiz_options (quiz_id, options) values (?, ?)
?[1;31m
Start test 119?[0m
Hibernate: select user0_.email as email1_4_, user0_.password as password2_4_ from users user0_ where user0_.email=?
Hibernate: select quiz0_.id as id1_3_0_, quiz0_.quiz_owner as quiz_own2_3_0_, quiz0_.text as text3_3_0_, quiz0_.title as title4_3_0_ from quizess quiz0_ where quiz0_.id=?
Hibernate: select options0_.quiz_id as quiz_id1_2_0_, options0_.options as options2_2_0_ from quiz_options options0_ where options0_.quiz_id=?
?[1;31m
Start test 120?[0m
Hibernate: select user0_.email as email1_4_, user0_.password as password2_4_ from users user0_ where user0_.email=?
Hibernate: select quiz0_.id as id1_3_0_, quiz0_.quiz_owner as quiz_own2_3_0_, quiz0_.text as text3_3_0_, quiz0_.title as title4_3_0_ from quizess quiz0_ where quiz0_.id=?
?[1;31m
Start test 121?[0m
Hibernate: select user0_.email as email1_4_, user0_.password as password2_4_ from users user0_ where user0_.email=?
Hibernate: select quiz0_.id as id1_3_0_, quiz0_.quiz_owner as quiz_own2_3_0_, quiz0_.text as text3_3_0_, quiz0_.title as title4_3_0_ from quizess quiz0_ where quiz0_.id=?
Hibernate: select answer0_.quiz_id as quiz_id1_1_0_, answer0_.answer as answer2_1_0_ from quiz_answer answer0_ where answer0_.quiz_id=?
[]
[]
Hibernate: call next value for hibernate_sequence
Hibernate: insert into completedquizess (completed_at, id, user_id, completed_quizzes_id) values (?, ?, ?, ?)
?[1;31m
Start test 122?[0m
Hibernate: select user0_.email as email1_4_, user0_.password as password2_4_ from users user0_ where user0_.email=?
Hibernate: select quiz0_.id as id1_3_0_, quiz0_.quiz_owner as quiz_own2_3_0_, quiz0_.text as text3_3_0_, quiz0_.title as title4_3_0_ from quizess quiz0_ where quiz0_.id=?
Hibernate: select answer0_.quiz_id as quiz_id1_1_0_, answer0_.answer as answer2_1_0_ from quiz_answer answer0_ where answer0_.quiz_id=?
[]
[0]
?[1;31m
Start test 123?[0m
Hibernate: select user0_.email as email1_4_, user0_.password as password2_4_ from users user0_ where user0_.email=?
Hibernate: select quiz0_.id as id1_3_0_, quiz0_.quiz_owner as quiz_own2_3_0_, quiz0_.text as text3_3_0_, quiz0_.title as title4_3_0_ from quizess quiz0_ where quiz0_.id=?
Hibernate: select answer0_.quiz_id as quiz_id1_1_0_, answer0_.answer as answer2_1_0_ from quiz_answer answer0_ where answer0_.quiz_id=?
[]
[1]
?[1;31m
Start test 124?[0m
Hibernate: select user0_.email as email1_4_, user0_.password as password2_4_ from users user0_ where user0_.email=?
Hibernate: select quiz0_.id as id1_3_0_, quiz0_.quiz_owner as quiz_own2_3_0_, quiz0_.text as text3_3_0_, quiz0_.title as title4_3_0_ from quizess quiz0_ where quiz0_.id=?
Hibernate: select answer0_.quiz_id as quiz_id1_1_0_, answer0_.answer as answer2_1_0_ from quiz_answer answer0_ where answer0_.quiz_id=?
[]
[2]
?[1;31m
Start test 125?[0m
Hibernate: select user0_.email as email1_4_, user0_.password as password2_4_ from users user0_ where user0_.email=?
Hibernate: select quiz0_.id as id1_3_0_, quiz0_.quiz_owner as quiz_own2_3_0_, quiz0_.text as text3_3_0_, quiz0_.title as title4_3_0_ from quizess quiz0_ where quiz0_.id=?
Hibernate: select answer0_.quiz_id as quiz_id1_1_0_, answer0_.answer as answer2_1_0_ from quiz_answer answer0_ where answer0_.quiz_id=?
[]
[3]
?[1;31m
Start test 126?[0m
Hibernate: select user0_.email as email1_4_, user0_.password as password2_4_ from users user0_ where user0_.email=?
Hibernate: select quiz0_.id as id1_3_0_, quiz0_.quiz_owner as quiz_own2_3_0_, quiz0_.text as text3_3_0_, quiz0_.title as title4_3_0_ from quizess quiz0_ where quiz0_.id=?
Hibernate: select answer0_.quiz_id as quiz_id1_1_0_, answer0_.answer as answer2_1_0_ from quiz_answer answer0_ where answer0_.quiz_id=?
[]
[0, 1]
?[1;31m
Start test 127?[0m
Hibernate: select user0_.email as email1_4_, user0_.password as password2_4_ from users user0_ where user0_.email=?
Hibernate: select quiz0_.id as id1_3_0_, quiz0_.quiz_owner as quiz_own2_3_0_, quiz0_.text as text3_3_0_, quiz0_.title as title4_3_0_ from quizess quiz0_ where quiz0_.id=?
Hibernate: select answer0_.quiz_id as quiz_id1_1_0_, answer0_.answer as answer2_1_0_ from quiz_answer answer0_ where answer0_.quiz_id=?
[]
[0, 2]
?[1;31m
Start test 128?[0m
Hibernate: select user0_.email as email1_4_, user0_.password as password2_4_ from users user0_ where user0_.email=?
Hibernate: select quiz0_.id as id1_3_0_, quiz0_.quiz_owner as quiz_own2_3_0_, quiz0_.text as text3_3_0_, quiz0_.title as title4_3_0_ from quizess quiz0_ where quiz0_.id=?
Hibernate: select answer0_.quiz_id as quiz_id1_1_0_, answer0_.answer as answer2_1_0_ from quiz_answer answer0_ where answer0_.quiz_id=?
[]
[0, 3]
?[1;31m
Start test 129?[0m
Hibernate: select user0_.email as email1_4_, user0_.password as password2_4_ from users user0_ where user0_.email=?
Hibernate: select quiz0_.id as id1_3_0_, quiz0_.quiz_owner as quiz_own2_3_0_, quiz0_.text as text3_3_0_, quiz0_.title as title4_3_0_ from quizess quiz0_ where quiz0_.id=?
Hibernate: select answer0_.quiz_id as quiz_id1_1_0_, answer0_.answer as answer2_1_0_ from quiz_answer answer0_ where answer0_.quiz_id=?
[]
[1, 2]
?[1;31m
Start test 130?[0m
Hibernate: select user0_.email as email1_4_, user0_.password as password2_4_ from users user0_ where user0_.email=?
Hibernate: select quiz0_.id as id1_3_0_, quiz0_.quiz_owner as quiz_own2_3_0_, quiz0_.text as text3_3_0_, quiz0_.title as title4_3_0_ from quizess quiz0_ where quiz0_.id=?
Hibernate: select answer0_.quiz_id as quiz_id1_1_0_, answer0_.answer as answer2_1_0_ from quiz_answer answer0_ where answer0_.quiz_id=?
[]
[1, 3]
?[1;31m
Start test 131?[0m
Hibernate: select user0_.email as email1_4_, user0_.password as password2_4_ from users user0_ where user0_.email=?
Hibernate: select quiz0_.id as id1_3_0_, quiz0_.quiz_owner as quiz_own2_3_0_, quiz0_.text as text3_3_0_, quiz0_.title as title4_3_0_ from quizess quiz0_ where quiz0_.id=?
Hibernate: select answer0_.quiz_id as quiz_id1_1_0_, answer0_.answer as answer2_1_0_ from quiz_answer answer0_ where answer0_.quiz_id=?
[]
[2, 3]
?[1;31m
Start test 132?[0m
Hibernate: select user0_.email as email1_4_, user0_.password as password2_4_ from users user0_ where user0_.email=?
Hibernate: select quiz0_.id as id1_3_0_, quiz0_.quiz_owner as quiz_own2_3_0_, quiz0_.text as text3_3_0_, quiz0_.title as title4_3_0_ from quizess quiz0_ where quiz0_.id=?
Hibernate: select answer0_.quiz_id as quiz_id1_1_0_, answer0_.answer as answer2_1_0_ from quiz_answer answer0_ where answer0_.quiz_id=?
[]
[0, 1, 2]
?[1;31m
Start test 133?[0m
Hibernate: select user0_.email as email1_4_, user0_.password as password2_4_ from users user0_ where user0_.email=?
Hibernate: select quiz0_.id as id1_3_0_, quiz0_.quiz_owner as quiz_own2_3_0_, quiz0_.text as text3_3_0_, quiz0_.title as title4_3_0_ from quizess quiz0_ where quiz0_.id=?
Hibernate: select answer0_.quiz_id as quiz_id1_1_0_, answer0_.answer as answer2_1_0_ from quiz_answer answer0_ where answer0_.quiz_id=?
[]
[0, 1, 3]
?[1;31m
Start test 134?[0m
Hibernate: select user0_.email as email1_4_, user0_.password as password2_4_ from users user0_ where user0_.email=?
Hibernate: select quiz0_.id as id1_3_0_, quiz0_.quiz_owner as quiz_own2_3_0_, quiz0_.text as text3_3_0_, quiz0_.title as title4_3_0_ from quizess quiz0_ where quiz0_.id=?
Hibernate: select answer0_.quiz_id as quiz_id1_1_0_, answer0_.answer as answer2_1_0_ from quiz_answer answer0_ where answer0_.quiz_id=?
[]
[1, 2, 3]
?[1;31m
Start test 135?[0m
Hibernate: select user0_.email as email1_4_, user0_.password as password2_4_ from users user0_ where user0_.email=?
Hibernate: select quiz0_.id as id1_3_0_, quiz0_.quiz_owner as quiz_own2_3_0_, quiz0_.text as text3_3_0_, quiz0_.title as title4_3_0_ from quizess quiz0_ where quiz0_.id=?
Hibernate: select answer0_.quiz_id as quiz_id1_1_0_, answer0_.answer as answer2_1_0_ from quiz_answer answer0_ where answer0_.quiz_id=?
[]
[0, 1, 2, 3]
?[1;31m
Start test 136?[0m
Hibernate: select user0_.email as email1_4_, user0_.password as password2_4_ from users user0_ where user0_.email=?
Hibernate: call next value for hibernate_sequence
Hibernate: insert into quizess (quiz_owner, text, title, id) values (?, ?, ?, ?)
Hibernate: insert into quiz_answer (quiz_id, answer) values (?, ?)
Hibernate: insert into quiz_answer (quiz_id, answer) values (?, ?)
Hibernate: insert into quiz_answer (quiz_id, answer) values (?, ?)
Hibernate: insert into quiz_options (quiz_id, options) values (?, ?)
Hibernate: insert into quiz_options (quiz_id, options) values (?, ?)
Hibernate: insert into quiz_options (quiz_id, options) values (?, ?)
Hibernate: insert into quiz_options (quiz_id, options) values (?, ?)
?[1;31m
Start test 137?[0m
Hibernate: select user0_.email as email1_4_, user0_.password as password2_4_ from users user0_ where user0_.email=?
Hibernate: select quiz0_.id as id1_3_0_, quiz0_.quiz_owner as quiz_own2_3_0_, quiz0_.text as text3_3_0_, quiz0_.title as title4_3_0_ from quizess quiz0_ where quiz0_.id=?
Hibernate: select options0_.quiz_id as quiz_id1_2_0_, options0_.options as options2_2_0_ from quiz_options options0_ where options0_.quiz_id=?
?[1;31m
Start test 138?[0m
Hibernate: select user0_.email as email1_4_, user0_.password as password2_4_ from users user0_ where user0_.email=?
Hibernate: select quiz0_.id as id1_3_0_, quiz0_.quiz_owner as quiz_own2_3_0_, quiz0_.text as text3_3_0_, quiz0_.title as title4_3_0_ from quizess quiz0_ where quiz0_.id=?
?[1;31m
Start test 139?[0m
Hibernate: select user0_.email as email1_4_, user0_.password as password2_4_ from users user0_ where user0_.email=?
Hibernate: select quiz0_.id as id1_3_0_, quiz0_.quiz_owner as quiz_own2_3_0_, quiz0_.text as text3_3_0_, quiz0_.title as title4_3_0_ from quizess quiz0_ where quiz0_.id=?
Hibernate: select answer0_.quiz_id as quiz_id1_1_0_, answer0_.answer as answer2_1_0_ from quiz_answer answer0_ where answer0_.quiz_id=?
[0, 1, 3]
[]
?[1;31m
Start test 140?[0m
Hibernate: select user0_.email as email1_4_, user0_.password as password2_4_ from users user0_ where user0_.email=?
Hibernate: select quiz0_.id as id1_3_0_, quiz0_.quiz_owner as quiz_own2_3_0_, quiz0_.text as text3_3_0_, quiz0_.title as title4_3_0_ from quizess quiz0_ where quiz0_.id=?
Hibernate: select answer0_.quiz_id as quiz_id1_1_0_, answer0_.answer as answer2_1_0_ from quiz_answer answer0_ where answer0_.quiz_id=?
[0, 1, 3]
[0]
?[1;31m
Start test 141?[0m
Hibernate: select user0_.email as email1_4_, user0_.password as password2_4_ from users user0_ where user0_.email=?
Hibernate: select quiz0_.id as id1_3_0_, quiz0_.quiz_owner as quiz_own2_3_0_, quiz0_.text as text3_3_0_, quiz0_.title as title4_3_0_ from quizess quiz0_ where quiz0_.id=?
Hibernate: select answer0_.quiz_id as quiz_id1_1_0_, answer0_.answer as answer2_1_0_ from quiz_answer answer0_ where answer0_.quiz_id=?
[0, 1, 3]
[1]
?[1;31m
Start test 142?[0m
Hibernate: select user0_.email as email1_4_, user0_.password as password2_4_ from users user0_ where user0_.email=?
Hibernate: select quiz0_.id as id1_3_0_, quiz0_.quiz_owner as quiz_own2_3_0_, quiz0_.text as text3_3_0_, quiz0_.title as title4_3_0_ from quizess quiz0_ where quiz0_.id=?
Hibernate: select answer0_.quiz_id as quiz_id1_1_0_, answer0_.answer as answer2_1_0_ from quiz_answer answer0_ where answer0_.quiz_id=?
[0, 1, 3]
[2]
?[1;31m
Start test 143?[0m
Hibernate: select user0_.email as email1_4_, user0_.password as password2_4_ from users user0_ where user0_.email=?
Hibernate: select quiz0_.id as id1_3_0_, quiz0_.quiz_owner as quiz_own2_3_0_, quiz0_.text as text3_3_0_, quiz0_.title as title4_3_0_ from quizess quiz0_ where quiz0_.id=?
Hibernate: select answer0_.quiz_id as quiz_id1_1_0_, answer0_.answer as answer2_1_0_ from quiz_answer answer0_ where answer0_.quiz_id=?
[0, 1, 3]
[3]
?[1;31m
Start test 144?[0m
Hibernate: select user0_.email as email1_4_, user0_.password as password2_4_ from users user0_ where user0_.email=?
Hibernate: select quiz0_.id as id1_3_0_, quiz0_.quiz_owner as quiz_own2_3_0_, quiz0_.text as text3_3_0_, quiz0_.title as title4_3_0_ from quizess quiz0_ where quiz0_.id=?
Hibernate: select answer0_.quiz_id as quiz_id1_1_0_, answer0_.answer as answer2_1_0_ from quiz_answer answer0_ where answer0_.quiz_id=?
[0, 1, 3]
[0, 1]
?[1;31m
Start test 145?[0m
Hibernate: select user0_.email as email1_4_, user0_.password as password2_4_ from users user0_ where user0_.email=?
Hibernate: select quiz0_.id as id1_3_0_, quiz0_.quiz_owner as quiz_own2_3_0_, quiz0_.text as text3_3_0_, quiz0_.title as title4_3_0_ from quizess quiz0_ where quiz0_.id=?
Hibernate: select answer0_.quiz_id as quiz_id1_1_0_, answer0_.answer as answer2_1_0_ from quiz_answer answer0_ where answer0_.quiz_id=?
[0, 1, 3]
[0, 2]
?[1;31m
Start test 146?[0m
Hibernate: select user0_.email as email1_4_, user0_.password as password2_4_ from users user0_ where user0_.email=?
Hibernate: select quiz0_.id as id1_3_0_, quiz0_.quiz_owner as quiz_own2_3_0_, quiz0_.text as text3_3_0_, quiz0_.title as title4_3_0_ from quizess quiz0_ where quiz0_.id=?
Hibernate: select answer0_.quiz_id as quiz_id1_1_0_, answer0_.answer as answer2_1_0_ from quiz_answer answer0_ where answer0_.quiz_id=?
[0, 1, 3]
[0, 3]
?[1;31m
Start test 147?[0m
Hibernate: select user0_.email as email1_4_, user0_.password as password2_4_ from users user0_ where user0_.email=?
Hibernate: select quiz0_.id as id1_3_0_, quiz0_.quiz_owner as quiz_own2_3_0_, quiz0_.text as text3_3_0_, quiz0_.title as title4_3_0_ from quizess quiz0_ where quiz0_.id=?
Hibernate: select answer0_.quiz_id as quiz_id1_1_0_, answer0_.answer as answer2_1_0_ from quiz_answer answer0_ where answer0_.quiz_id=?
[0, 1, 3]
[1, 2]
?[1;31m
Start test 148?[0m
Hibernate: select user0_.email as email1_4_, user0_.password as password2_4_ from users user0_ where user0_.email=?
Hibernate: select quiz0_.id as id1_3_0_, quiz0_.quiz_owner as quiz_own2_3_0_, quiz0_.text as text3_3_0_, quiz0_.title as title4_3_0_ from quizess quiz0_ where quiz0_.id=?
Hibernate: select answer0_.quiz_id as quiz_id1_1_0_, answer0_.answer as answer2_1_0_ from quiz_answer answer0_ where answer0_.quiz_id=?
[0, 1, 3]
[1, 3]
?[1;31m
Start test 149?[0m
Hibernate: select user0_.email as email1_4_, user0_.password as password2_4_ from users user0_ where user0_.email=?
Hibernate: select quiz0_.id as id1_3_0_, quiz0_.quiz_owner as quiz_own2_3_0_, quiz0_.text as text3_3_0_, quiz0_.title as title4_3_0_ from quizess quiz0_ where quiz0_.id=?
Hibernate: select answer0_.quiz_id as quiz_id1_1_0_, answer0_.answer as answer2_1_0_ from quiz_answer answer0_ where answer0_.quiz_id=?
[0, 1, 3]
[2, 3]
?[1;31m
Start test 150?[0m
Hibernate: select user0_.email as email1_4_, user0_.password as password2_4_ from users user0_ where user0_.email=?
Hibernate: select quiz0_.id as id1_3_0_, quiz0_.quiz_owner as quiz_own2_3_0_, quiz0_.text as text3_3_0_, quiz0_.title as title4_3_0_ from quizess quiz0_ where quiz0_.id=?
Hibernate: select answer0_.quiz_id as quiz_id1_1_0_, answer0_.answer as answer2_1_0_ from quiz_answer answer0_ where answer0_.quiz_id=?
[0, 1, 3]
[0, 1, 2]
?[1;31m
Start test 151?[0m
Hibernate: select user0_.email as email1_4_, user0_.password as password2_4_ from users user0_ where user0_.email=?
Hibernate: select quiz0_.id as id1_3_0_, quiz0_.quiz_owner as quiz_own2_3_0_, quiz0_.text as text3_3_0_, quiz0_.title as title4_3_0_ from quizess quiz0_ where quiz0_.id=?
Hibernate: select answer0_.quiz_id as quiz_id1_1_0_, answer0_.answer as answer2_1_0_ from quiz_answer answer0_ where answer0_.quiz_id=?
[0, 1, 3]
[0, 1, 3]
Hibernate: call next value for hibernate_sequence
Hibernate: insert into completedquizess (completed_at, id, user_id, completed_quizzes_id) values (?, ?, ?, ?)
Hibernate: delete from quiz_answer where quiz_id=?
Hibernate: insert into quiz_answer (quiz_id, answer) values (?, ?)
Hibernate: insert into quiz_answer (quiz_id, answer) values (?, ?)
Hibernate: insert into quiz_answer (quiz_id, answer) values (?, ?)
?[1;31m
Start test 152?[0m
Hibernate: select user0_.email as email1_4_, user0_.password as password2_4_ from users user0_ where user0_.email=?
Hibernate: select quiz0_.id as id1_3_0_, quiz0_.quiz_owner as quiz_own2_3_0_, quiz0_.text as text3_3_0_, quiz0_.title as title4_3_0_ from quizess quiz0_ where quiz0_.id=?
Hibernate: select answer0_.quiz_id as quiz_id1_1_0_, answer0_.answer as answer2_1_0_ from quiz_answer answer0_ where answer0_.quiz_id=?
[0, 1, 3]
[1, 2, 3]
?[1;31m
Start test 153?[0m
[...]
2022-03-31 09:20:09.121  INFO 24540 --- [    Test worker] .s.d.r.c.RepositoryConfigurationDelegate : Finished Spring Data repository scanning in 31 ms. Found 3 JPA repository interfaces.
2022-03-31 09:20:09.373  INFO 24540 --- [    Test worker] o.s.b.w.embedded.tomcat.TomcatWebServer  : Tomcat initialized with port(s): 8889 (http)
2022-03-31 09:20:09.375  INFO 24540 --- [    Test worker] o.apache.catalina.core.StandardService   : Starting service [Tomcat]
2022-03-31 09:20:09.376  INFO 24540 --- [    Test worker] org.apache.catalina.core.StandardEngine  : Starting Servlet engine: [Apache Tomcat/9.0.54]
2022-03-31 09:20:09.459  INFO 24540 --- [    Test worker] o.a.c.c.C.[Tomcat].[localhost].[/]       : Initializing Spring embedded WebApplicationContext
2022-03-31 09:20:09.459  INFO 24540 --- [    Test worker] w.s.c.ServletWebServerApplicationContext : Root WebApplicationContext: initialization completed in 1101 ms
2022-03-31 09:20:09.557  INFO 24540 --- [    Test worker] com.zaxxer.hikari.HikariDataSource       : HikariPool-4 - Starting...
2022-03-31 09:20:09.592  INFO 24540 --- [    Test worker] com.zaxxer.hikari.HikariDataSource       : HikariPool-4 - Start completed.
2022-03-31 09:20:09.592  INFO 24540 --- [    Test worker] o.s.b.a.h2.H2ConsoleAutoConfiguration    : H2 console available at '/h2-console'. Database available at 'jdbc:h2:tcp://localhost/~/quizdb'
2022-03-31 09:20:09.746  INFO 24540 --- [    Test worker] o.hibernate.jpa.internal.util.LogHelper  : HHH000204: Processing PersistenceUnitInfo [name: default]
2022-03-31 09:20:09.771  INFO 24540 --- [    Test worker] org.hibernate.dialect.Dialect            : HHH000400: Using dialect: org.hibernate.dialect.H2Dialect
2022-03-31 09:20:10.120  INFO 24540 --- [    Test worker] o.h.e.t.j.p.i.JtaPlatformInitiator       : HHH000490: Using JtaPlatform implementation: [org.hibernate.engine.transaction.jta.platform.internal.NoJtaPlatform]
2022-03-31 09:20:10.120  INFO 24540 --- [    Test worker] j.LocalContainerEntityManagerFactoryBean : Initialized JPA EntityManagerFactory for persistence unit 'default'
2022-03-31 09:20:10.602  WARN 24540 --- [    Test worker] JpaBaseConfiguration$JpaWebConfiguration : spring.jpa.open-in-view is enabled by default. Therefore, database queries may be performed during view rendering. Explicitly configure spring.jpa.open-in-view to disable this warning
2022-03-31 09:20:11.388  INFO 24540 --- [    Test worker] o.s.b.a.e.web.EndpointLinksResolver      : Exposing 14 endpoint(s) beneath base path '/actuator'
2022-03-31 09:20:11.467  INFO 24540 --- [    Test worker] o.s.s.web.DefaultSecurityFilterChain     : Will secure any request with [org.springframework.security.web.context.request.async.WebAsyncManagerIntegrationFilter@42018e32, org.springframework.security.web.context.SecurityContextPersistenceFilter@2a8e93db, org.springframework.security.web.header.HeaderWriterFilter@7845f53d, org.springframework.security.web.authentication.logout.LogoutFilter@49d5db99, org.springframework.security.web.authentication.www.BasicAuthenticationFilter@1ba84d52, org.springframework.security.web.savedrequest.RequestCacheAwareFilter@6b5e8b3a, org.springframework.security.web.servletapi.SecurityContextHolderAwareRequestFilter@3c657771, org.springframework.security.web.authentication.AnonymousAuthenticationFilter@42bd4a4c, org.springframework.security.web.session.SessionManagementFilter@4a6c3720, org.springframework.security.web.access.ExceptionTranslationFilter@62f47cac, org.springframework.security.web.access.intercept.FilterSecurityInterceptor@518e9141]
2022-03-31 09:20:11.925  INFO 24540 --- [    Test worker] o.s.b.w.embedded.tomcat.TomcatWebServer  : Tomcat started on port(s): 8889 (http) with context path ''
2022-03-31 09:20:11.960  INFO 24540 --- [    Test worker] engine.WebQuizEngine                     : Started WebQuizEngine in 3.627 seconds (JVM running for 94.735)
?[1;31m
Start test 216?[0m
2022-03-31 09:20:12.004  INFO 24540 --- [nio-8889-exec-1] o.a.c.c.C.[Tomcat].[localhost].[/]       : Initializing Spring DispatcherServlet 'dispatcherServlet'
2022-03-31 09:20:12.008  INFO 24540 --- [nio-8889-exec-1] o.s.web.servlet.DispatcherServlet        : Initializing Servlet 'dispatcherServlet'
2022-03-31 09:20:12.016  INFO 24540 --- [nio-8889-exec-1] o.s.web.servlet.DispatcherServlet        : Completed initialization in 7 ms
Hibernate: select user0_.email as email1_4_, user0_.password as password2_4_ from users user0_ where user0_.email=?
Hibernate: select quiz0_.id as id1_3_, quiz0_.quiz_owner as quiz_own2_3_, quiz0_.text as text3_3_, quiz0_.title as title4_3_ from quizess quiz0_ order by quiz0_.id asc limit ?
Hibernate: select options0_.quiz_id as quiz_id1_2_0_, options0_.options as options2_2_0_ from quiz_options options0_ where options0_.quiz_id=?
Hibernate: select options0_.quiz_id as quiz_id1_2_0_, options0_.options as options2_2_0_ from quiz_options options0_ where options0_.quiz_id=?
Hibernate: select options0_.quiz_id as quiz_id1_2_0_, options0_.options as options2_2_0_ from quiz_options options0_ where options0_.quiz_id=?
Hibernate: select options0_.quiz_id as quiz_id1_2_0_, options0_.options as options2_2_0_ from quiz_options options0_ where options0_.quiz_id=?
Hibernate: select options0_.quiz_id as quiz_id1_2_0_, options0_.options as options2_2_0_ from quiz_options options0_ where options0_.quiz_id=?
?[1;31m
Start test 217?[0m
Hibernate: select user0_.email as email1_4_, user0_.password as password2_4_ from users user0_ where user0_.email=?
Hibernate: select quiz0_.id as id1_3_0_, quiz0_.quiz_owner as quiz_own2_3_0_, quiz0_.text as text3_3_0_, quiz0_.title as title4_3_0_ from quizess quiz0_ where quiz0_.id=?
?[1;31m
Start test 218?[0m
Hibernate: select user0_.email as email1_4_, user0_.password as password2_4_ from users user0_ where user0_.email=?
Hibernate: select quiz0_.id as id1_3_0_, quiz0_.quiz_owner as quiz_own2_3_0_, quiz0_.text as text3_3_0_, quiz0_.title as title4_3_0_ from quizess quiz0_ where quiz0_.id=?
?[1;31m
Start test 219?[0m
Hibernate: select user0_.email as email1_4_, user0_.password as password2_4_ from users user0_ where user0_.email=?
Hibernate: select quiz0_.id as id1_3_0_, quiz0_.quiz_owner as quiz_own2_3_0_, quiz0_.text as text3_3_0_, quiz0_.title as title4_3_0_ from quizess quiz0_ where quiz0_.id=?
?[1;31m
Start test 220?[0m
Hibernate: select user0_.email as email1_4_, user0_.password as password2_4_ from users user0_ where user0_.email=?
Hibernate: select quiz0_.id as id1_3_0_, quiz0_.quiz_owner as quiz_own2_3_0_, quiz0_.text as text3_3_0_, quiz0_.title as title4_3_0_ from quizess quiz0_ where quiz0_.id=?
?[1;31m
Start test 221?[0m
Hibernate: select user0_.email as email1_4_, user0_.password as password2_4_ from users user0_ where user0_.email=?
Hibernate: call next value for hibernate_sequence
Hibernate: insert into quizess (quiz_owner, text, title, id) values (?, ?, ?, ?)
Hibernate: insert into quiz_answer (quiz_id, answer) values (?, ?)
Hibernate: insert into quiz_answer (quiz_id, answer) values (?, ?)
Hibernate: insert into quiz_answer (quiz_id, answer) values (?, ?)
Hibernate: insert into quiz_options (quiz_id, options) values (?, ?)
Hibernate: insert into quiz_options (quiz_id, options) values (?, ?)
Hibernate: insert into quiz_options (quiz_id, options) values (?, ?)
Hibernate: insert into quiz_options (quiz_id, options) values (?, ?)
?[1;31m
Start test 222?[0m
Hibernate: select user0_.email as email1_4_, user0_.password as password2_4_ from users user0_ where user0_.email=?
Hibernate: call next value for hibernate_sequence
Hibernate: insert into quizess (quiz_owner, text, title, id) values (?, ?, ?, ?)
Hibernate: insert into quiz_answer (quiz_id, answer) values (?, ?)
Hibernate: insert into quiz_answer (quiz_id, answer) values (?, ?)
Hibernate: insert into quiz_answer (quiz_id, answer) values (?, ?)
Hibernate: insert into quiz_options (quiz_id, options) values (?, ?)
Hibernate: insert into quiz_options (quiz_id, options) values (?, ?)
Hibernate: insert into quiz_options (quiz_id, options) values (?, ?)
Hibernate: insert into quiz_options (quiz_id, options) values (?, ?)
?[1;31m
Start test 223?[0m
Hibernate: select user0_.email as email1_4_, user0_.password as password2_4_ from users user0_ where user0_.email=?
Hibernate: call next value for hibernate_sequence
Hibernate: insert into quizess (quiz_owner, text, title, id) values (?, ?, ?, ?)
Hibernate: insert into quiz_answer (quiz_id, answer) values (?, ?)
Hibernate: insert into quiz_answer (quiz_id, answer) values (?, ?)
Hibernate: insert into quiz_answer (quiz_id, answer) values (?, ?)
Hibernate: insert into quiz_options (quiz_id, options) values (?, ?)
Hibernate: insert into quiz_options (quiz_id, options) values (?, ?)
Hibernate: insert into quiz_options (quiz_id, options) values (?, ?)
Hibernate: insert into quiz_options (quiz_id, options) values (?, ?)
?[1;31m
Start test 224?[0m
Hibernate: select user0_.email as email1_4_, user0_.password as password2_4_ from users user0_ where user0_.email=?
Hibernate: call next value for hibernate_sequence
Hibernate: insert into quizess (quiz_owner, text, title, id) values (?, ?, ?, ?)
Hibernate: insert into quiz_answer (quiz_id, answer) values (?, ?)
Hibernate: insert into quiz_answer (quiz_id, answer) values (?, ?)
Hibernate: insert into quiz_answer (quiz_id, answer) values (?, ?)
Hibernate: insert into quiz_options (quiz_id, options) values (?, ?)
Hibernate: insert into quiz_options (quiz_id, options) values (?, ?)
Hibernate: insert into quiz_options (quiz_id, options) values (?, ?)
Hibernate: insert into quiz_options (quiz_id, options) values (?, ?)
?[1;31m
Start test 225?[0m
Hibernate: select user0_.email as email1_4_, user0_.password as password2_4_ from users user0_ where user0_.email=?
Hibernate: call next value for hibernate_sequence
Hibernate: insert into quizess (quiz_owner, text, title, id) values (?, ?, ?, ?)
Hibernate: insert into quiz_answer (quiz_id, answer) values (?, ?)
Hibernate: insert into quiz_answer (quiz_id, answer) values (?, ?)
Hibernate: insert into quiz_answer (quiz_id, answer) values (?, ?)
Hibernate: insert into quiz_options (quiz_id, options) values (?, ?)
Hibernate: insert into quiz_options (quiz_id, options) values (?, ?)
Hibernate: insert into quiz_options (quiz_id, options) values (?, ?)
Hibernate: insert into quiz_options (quiz_id, options) values (?, ?)
?[1;31m
Start test 226?[0m
Hibernate: select user0_.email as email1_4_, user0_.password as password2_4_ from users user0_ where user0_.email=?
Hibernate: call next value for hibernate_sequence
Hibernate: insert into quizess (quiz_owner, text, title, id) values (?, ?, ?, ?)
Hibernate: insert into quiz_answer (quiz_id, answer) values (?, ?)
Hibernate: insert into quiz_answer (quiz_id, answer) values (?, ?)
Hibernate: insert into quiz_answer (quiz_id, answer) values (?, ?)
Hibernate: insert into quiz_options (quiz_id, options) values (?, ?)
Hibernate: insert into quiz_options (quiz_id, options) values (?, ?)
Hibernate: insert into quiz_options (quiz_id, options) values (?, ?)
Hibernate: insert into quiz_options (quiz_id, options) values (?, ?)
?[1;31m
Start test 227?[0m
Hibernate: select user0_.email as email1_4_, user0_.password as password2_4_ from users user0_ where user0_.email=?
Hibernate: call next value for hibernate_sequence
Hibernate: insert into quizess (quiz_owner, text, title, id) values (?, ?, ?, ?)
Hibernate: insert into quiz_answer (quiz_id, answer) values (?, ?)
Hibernate: insert into quiz_answer (quiz_id, answer) values (?, ?)
Hibernate: insert into quiz_answer (quiz_id, answer) values (?, ?)
Hibernate: insert into quiz_options (quiz_id, options) values (?, ?)
Hibernate: insert into quiz_options (quiz_id, options) values (?, ?)
Hibernate: insert into quiz_options (quiz_id, options) values (?, ?)
Hibernate: insert into quiz_options (quiz_id, options) values (?, ?)
?[1;31m
Start test 228?[0m
Hibernate: select user0_.email as email1_4_, user0_.password as password2_4_ from users user0_ where user0_.email=?
Hibernate: call next value for hibernate_sequence
Hibernate: insert into quizess (quiz_owner, text, title, id) values (?, ?, ?, ?)
Hibernate: insert into quiz_answer (quiz_id, answer) values (?, ?)
Hibernate: insert into quiz_answer (quiz_id, answer) values (?, ?)
Hibernate: insert into quiz_answer (quiz_id, answer) values (?, ?)
Hibernate: insert into quiz_options (quiz_id, options) values (?, ?)
Hibernate: insert into quiz_options (quiz_id, options) values (?, ?)
Hibernate: insert into quiz_options (quiz_id, options) values (?, ?)
Hibernate: insert into quiz_options (quiz_id, options) values (?, ?)
?[1;31m
Start test 229?[0m
Hibernate: select user0_.email as email1_4_, user0_.password as password2_4_ from users user0_ where user0_.email=?
Hibernate: call next value for hibernate_sequence
Hibernate: insert into quizess (quiz_owner, text, title, id) values (?, ?, ?, ?)
Hibernate: insert into quiz_answer (quiz_id, answer) values (?, ?)
Hibernate: insert into quiz_answer (quiz_id, answer) values (?, ?)
Hibernate: insert into quiz_answer (quiz_id, answer) values (?, ?)
Hibernate: insert into quiz_options (quiz_id, options) values (?, ?)
Hibernate: insert into quiz_options (quiz_id, options) values (?, ?)
Hibernate: insert into quiz_options (quiz_id, options) values (?, ?)
Hibernate: insert into quiz_options (quiz_id, options) values (?, ?)
?[1;31m
Start test 230?[0m
Hibernate: select user0_.email as email1_4_, user0_.password as password2_4_ from users user0_ where user0_.email=?
Hibernate: call next value for hibernate_sequence
Hibernate: insert into quizess (quiz_owner, text, title, id) values (?, ?, ?, ?)
Hibernate: insert into quiz_answer (quiz_id, answer) values (?, ?)
Hibernate: insert into quiz_answer (quiz_id, answer) values (?, ?)
Hibernate: insert into quiz_answer (quiz_id, answer) values (?, ?)
Hibernate: insert into quiz_options (quiz_id, options) values (?, ?)
Hibernate: insert into quiz_options (quiz_id, options) values (?, ?)
Hibernate: insert into quiz_options (quiz_id, options) values (?, ?)
Hibernate: insert into quiz_options (quiz_id, options) values (?, ?)
?[1;31m
Start test 231?[0m
Hibernate: select user0_.email as email1_4_, user0_.password as password2_4_ from users user0_ where user0_.email=?
Hibernate: select quiz0_.id as id1_3_, quiz0_.quiz_owner as quiz_own2_3_, quiz0_.text as text3_3_, quiz0_.title as title4_3_ from quizess quiz0_ order by quiz0_.id asc limit ?
Hibernate: select count(quiz0_.id) as col_0_0_ from quizess quiz0_
Hibernate: select options0_.quiz_id as quiz_id1_2_0_, options0_.options as options2_2_0_ from quiz_options options0_ where options0_.quiz_id=?
Hibernate: select options0_.quiz_id as quiz_id1_2_0_, options0_.options as options2_2_0_ from quiz_options options0_ where options0_.quiz_id=?
Hibernate: select options0_.quiz_id as quiz_id1_2_0_, options0_.options as options2_2_0_ from quiz_options options0_ where options0_.quiz_id=?
Hibernate: select options0_.quiz_id as quiz_id1_2_0_, options0_.options as options2_2_0_ from quiz_options options0_ where options0_.quiz_id=?
Hibernate: select options0_.quiz_id as quiz_id1_2_0_, options0_.options as options2_2_0_ from quiz_options options0_ where options0_.quiz_id=?
Hibernate: select options0_.quiz_id as quiz_id1_2_0_, options0_.options as options2_2_0_ from quiz_options options0_ where options0_.quiz_id=?
Hibernate: select options0_.quiz_id as quiz_id1_2_0_, options0_.options as options2_2_0_ from quiz_options options0_ where options0_.quiz_id=?
Hibernate: select options0_.quiz_id as quiz_id1_2_0_, options0_.options as options2_2_0_ from quiz_options options0_ where options0_.quiz_id=?
Hibernate: select options0_.quiz_id as quiz_id1_2_0_, options0_.options as options2_2_0_ from quiz_options options0_ where options0_.quiz_id=?
Hibernate: select options0_.quiz_id as quiz_id1_2_0_, options0_.options as options2_2_0_ from quiz_options options0_ where options0_.quiz_id=?
?[1;31m
Start test 232?[0m
Hibernate: select user0_.email as email1_4_, user0_.password as password2_4_ from users user0_ where user0_.email=?
Hibernate: select quiz0_.id as id1_3_, quiz0_.quiz_owner as quiz_own2_3_, quiz0_.text as text3_3_, quiz0_.title as title4_3_ from quizess quiz0_ order by quiz0_.id asc limit ?
Hibernate: select count(quiz0_.id) as col_0_0_ from quizess quiz0_
Hibernate: select options0_.quiz_id as quiz_id1_2_0_, options0_.options as options2_2_0_ from quiz_options options0_ where options0_.quiz_id=?
Hibernate: select options0_.quiz_id as quiz_id1_2_0_, options0_.options as options2_2_0_ from quiz_options options0_ where options0_.quiz_id=?
Hibernate: select options0_.quiz_id as quiz_id1_2_0_, options0_.options as options2_2_0_ from quiz_options options0_ where options0_.quiz_id=?
Hibernate: select options0_.quiz_id as quiz_id1_2_0_, options0_.options as options2_2_0_ from quiz_options options0_ where options0_.quiz_id=?
Hibernate: select options0_.quiz_id as quiz_id1_2_0_, options0_.options as options2_2_0_ from quiz_options options0_ where options0_.quiz_id=?
Hibernate: select options0_.quiz_id as quiz_id1_2_0_, options0_.options as options2_2_0_ from quiz_options options0_ where options0_.quiz_id=?
Hibernate: select options0_.quiz_id as quiz_id1_2_0_, options0_.options as options2_2_0_ from quiz_options options0_ where options0_.quiz_id=?
Hibernate: select options0_.quiz_id as quiz_id1_2_0_, options0_.options as options2_2_0_ from quiz_options options0_ where options0_.quiz_id=?
Hibernate: select options0_.quiz_id as quiz_id1_2_0_, options0_.options as options2_2_0_ from quiz_options options0_ where options0_.quiz_id=?
Hibernate: select options0_.quiz_id as quiz_id1_2_0_, options0_.options as options2_2_0_ from quiz_options options0_ where options0_.quiz_id=?
?[1;31m
Start test 233?[0m
Hibernate: select user0_.email as email1_4_, user0_.password as password2_4_ from users user0_ where user0_.email=?
Hibernate: select quiz0_.id as id1_3_, quiz0_.quiz_owner as quiz_own2_3_, quiz0_.text as text3_3_, quiz0_.title as title4_3_ from quizess quiz0_ order by quiz0_.id asc limit ? offset ?
Hibernate: select options0_.quiz_id as quiz_id1_2_0_, options0_.options as options2_2_0_ from quiz_options options0_ where options0_.quiz_id=?
Hibernate: select options0_.quiz_id as quiz_id1_2_0_, options0_.options as options2_2_0_ from quiz_options options0_ where options0_.quiz_id=?
Hibernate: select options0_.quiz_id as quiz_id1_2_0_, options0_.options as options2_2_0_ from quiz_options options0_ where options0_.quiz_id=?
Hibernate: select options0_.quiz_id as quiz_id1_2_0_, options0_.options as options2_2_0_ from quiz_options options0_ where options0_.quiz_id=?
Hibernate: select options0_.quiz_id as quiz_id1_2_0_, options0_.options as options2_2_0_ from quiz_options options0_ where options0_.quiz_id=?
?[1;31m
Start test 234?[0m
Hibernate: select user0_.email as email1_4_, user0_.password as password2_4_ from users user0_ where user0_.email=?
Hibernate: select quiz0_.id as id1_3_, quiz0_.quiz_owner as quiz_own2_3_, quiz0_.text as text3_3_, quiz0_.title as title4_3_ from quizess quiz0_ order by quiz0_.id asc limit ? offset ?
Hibernate: select options0_.quiz_id as quiz_id1_2_0_, options0_.options as options2_2_0_ from quiz_options options0_ where options0_.quiz_id=?
Hibernate: select options0_.quiz_id as quiz_id1_2_0_, options0_.options as options2_2_0_ from quiz_options options0_ where options0_.quiz_id=?
Hibernate: select options0_.quiz_id as quiz_id1_2_0_, options0_.options as options2_2_0_ from quiz_options options0_ where options0_.quiz_id=?
Hibernate: select options0_.quiz_id as quiz_id1_2_0_, options0_.options as options2_2_0_ from quiz_options options0_ where options0_.quiz_id=?
Hibernate: select options0_.quiz_id as quiz_id1_2_0_, options0_.options as options2_2_0_ from quiz_options options0_ where options0_.quiz_id=?
]]></system-out>
  <system-err><![CDATA[]]></system-err>
</testsuite>
